# JRE version: OpenJDK Runtime Environment (8.0_202-b03) (build 1.8.0_202-release-1483-b03)
# Java VM: OpenJDK 64-Bit Server VM (25.202-b03 mixed mode windows-amd64 compressed oops)
Heap:
 PSYoungGen      total 94720K, used 9566K [0x000000076ab00000, 0x0000000771600000, 0x00000007c0000000)
  eden space 81408K, 11% used [0x000000076ab00000,0x000000076b457868,0x000000076fa80000)
  from space 13312K, 0% used [0x0000000770800000,0x0000000770800000,0x0000000771500000)
  to   space 13824K, 0% used [0x000000076fa80000,0x000000076fa80000,0x0000000770800000)
 ParOldGen       total 59904K, used 16854K [0x00000006c0000000, 0x00000006c3a80000, 0x000000076ab00000)
  object space 59904K, 28% used [0x00000006c0000000,0x00000006c1075898,0x00000006c3a80000)
 Metaspace       used 36807K, capacity 37405K, committed 37928K, reserved 1083392K
  class space    used 4630K, capacity 4795K, committed 4912K, reserved 1048576K
GC Heap History (10 events):
Event: 8.807 GC heap before
{Heap before GC invocations=7 (full 2):
 PSYoungGen      total 34304K, used 2556K [0x000000076ab00000, 0x000000076ee00000, 0x00000007c0000000)
  eden space 31744K, 0% used [0x000000076ab00000,0x000000076ab00000,0x000000076ca00000)
  from space 2560K, 99% used [0x000000076ca00000,0x000000076cc7f280,0x000000076cc80000)
  to   space 2560K, 0% used [0x000000076eb80000,0x000000076eb80000,0x000000076ee00000)
 ParOldGen       total 42496K, used 13777K [0x00000006c0000000, 0x00000006c2980000, 0x000000076ab00000)
  object space 42496K, 32% used [0x00000006c0000000,0x00000006c0d74430,0x00000006c2980000)
 Metaspace       used 20896K, capacity 21202K, committed 21296K, reserved 1069056K
  class space    used 2503K, capacity 2607K, committed 2608K, reserved 1048576K
Event: 8.881 GC heap after
Heap after GC invocations=7 (full 2):
 PSYoungGen      total 34304K, used 0K [0x000000076ab00000, 0x000000076ee00000, 0x00000007c0000000)
  eden space 31744K, 0% used [0x000000076ab00000,0x000000076ab00000,0x000000076ca00000)
  from space 2560K, 0% used [0x000000076ca00000,0x000000076ca00000,0x000000076cc80000)
  to   space 2560K, 0% used [0x000000076eb80000,0x000000076eb80000,0x000000076ee00000)
 ParOldGen       total 38400K, used 10986K [0x00000006c0000000, 0x00000006c2580000, 0x000000076ab00000)
  object space 38400K, 28% used [0x00000006c0000000,0x00000006c0ababd8,0x00000006c2580000)
 Metaspace       used 20896K, capacity 21202K, committed 21296K, reserved 1069056K
  class space    used 2503K, capacity 2607K, committed 2608K, reserved 1048576K
}
Event: 10.773 GC heap before
{Heap before GC invocations=8 (full 2):
 PSYoungGen      total 34304K, used 31744K [0x000000076ab00000, 0x000000076ee00000, 0x00000007c0000000)
  eden space 31744K, 100% used [0x000000076ab00000,0x000000076ca00000,0x000000076ca00000)
  from space 2560K, 0% used [0x000000076ca00000,0x000000076ca00000,0x000000076cc80000)
  to   space 2560K, 0% used [0x000000076eb80000,0x000000076eb80000,0x000000076ee00000)
 ParOldGen       total 38400K, used 10986K [0x00000006c0000000, 0x00000006c2580000, 0x000000076ab00000)
  object space 38400K, 28% used [0x00000006c0000000,0x00000006c0ababd8,0x00000006c2580000)
 Metaspace       used 24559K, capacity 24962K, committed 25264K, reserved 1071104K
  class space    used 3107K, capacity 3233K, committed 3248K, reserved 1048576K
Event: 10.790 GC heap after
Heap after GC invocations=8 (full 2):
 PSYoungGen      total 53248K, used 2546K [0x000000076ab00000, 0x000000076ee00000, 0x00000007c0000000)
  eden space 50688K, 0% used [0x000000076ab00000,0x000000076ab00000,0x000000076dc80000)
  from space 2560K, 99% used [0x000000076eb80000,0x000000076edfcb28,0x000000076ee00000)
  to   space 8704K, 0% used [0x000000076dd00000,0x000000076dd00000,0x000000076e580000)
 ParOldGen       total 38400K, used 15112K [0x00000006c0000000, 0x00000006c2580000, 0x000000076ab00000)
  object space 38400K, 39% used [0x00000006c0000000,0x00000006c0ec2308,0x00000006c2580000)
 Metaspace       used 24559K, capacity 24962K, committed 25264K, reserved 1071104K
  class space    used 3107K, capacity 3233K, committed 3248K, reserved 1048576K
}
Event: 12.053 GC heap before
{Heap before GC invocations=9 (full 2):
 PSYoungGen      total 53248K, used 53234K [0x000000076ab00000, 0x000000076ee00000, 0x00000007c0000000)
  eden space 50688K, 100% used [0x000000076ab00000,0x000000076dc80000,0x000000076dc80000)
  from space 2560K, 99% used [0x000000076eb80000,0x000000076edfcb28,0x000000076ee00000)
  to   space 8704K, 0% used [0x000000076dd00000,0x000000076dd00000,0x000000076e580000)
 ParOldGen       total 38400K, used 15112K [0x00000006c0000000, 0x00000006c2580000, 0x000000076ab00000)
  object space 38400K, 39% used [0x00000006c0000000,0x00000006c0ec2308,0x00000006c2580000)
 Metaspace       used 32051K, capacity 32529K, committed 32944K, reserved 1077248K
  class space    used 4024K, capacity 4169K, committed 4272K, reserved 1048576K
Event: 12.077 GC heap after
Heap after GC invocations=9 (full 2):
 PSYoungGen      total 59904K, used 8680K [0x000000076ab00000, 0x0000000771500000, 0x00000007c0000000)
  eden space 51200K, 0% used [0x000000076ab00000,0x000000076ab00000,0x000000076dd00000)
  from space 8704K, 99% used [0x000000076dd00000,0x000000076e57a018,0x000000076e580000)
  to   space 13312K, 0% used [0x0000000770800000,0x0000000770800000,0x0000000771500000)
 ParOldGen       total 38400K, used 22320K [0x00000006c0000000, 0x00000006c2580000, 0x000000076ab00000)
  object space 38400K, 58% used [0x00000006c0000000,0x00000006c15cc2f0,0x00000006c2580000)
 Metaspace       used 32051K, capacity 32529K, committed 32944K, reserved 1077248K
  class space    used 4024K, capacity 4169K, committed 4272K, reserved 1048576K
}
Event: 13.677 GC heap before
{Heap before GC invocations=10 (full 2):
 PSYoungGen      total 59904K, used 22257K [0x000000076ab00000, 0x0000000771500000, 0x00000007c0000000)
  eden space 51200K, 26% used [0x000000076ab00000,0x000000076b842618,0x000000076dd00000)
  from space 8704K, 99% used [0x000000076dd00000,0x000000076e57a018,0x000000076e580000)
  to   space 13312K, 0% used [0x0000000770800000,0x0000000770800000,0x0000000771500000)
 ParOldGen       total 38400K, used 22320K [0x00000006c0000000, 0x00000006c2580000, 0x000000076ab00000)
  object space 38400K, 58% used [0x00000006c0000000,0x00000006c15cc2f0,0x00000006c2580000)
 Metaspace       used 34696K, capacity 35197K, committed 35496K, reserved 1081344K
  class space    used 4370K, capacity 4507K, committed 4528K, reserved 1048576K
Event: 13.695 GC heap after
Heap after GC invocations=10 (full 2):
 PSYoungGen      total 94720K, used 9730K [0x000000076ab00000, 0x0000000771600000, 0x00000007c0000000)
  eden space 81408K, 0% used [0x000000076ab00000,0x000000076ab00000,0x000000076fa80000)
  from space 13312K, 73% used [0x0000000770800000,0x0000000771180ba8,0x0000000771500000)
  to   space 13824K, 0% used [0x000000076fa80000,0x000000076fa80000,0x0000000770800000)
 ParOldGen       total 38400K, used 22328K [0x00000006c0000000, 0x00000006c2580000, 0x000000076ab00000)
  object space 38400K, 58% used [0x00000006c0000000,0x00000006c15ce2f0,0x00000006c2580000)
 Metaspace       used 34696K, capacity 35197K, committed 35496K, reserved 1081344K
  class space    used 4370K, capacity 4507K, committed 4528K, reserved 1048576K
}
Event: 13.695 GC heap before
{Heap before GC invocations=11 (full 3):
 PSYoungGen      total 94720K, used 9730K [0x000000076ab00000, 0x0000000771600000, 0x00000007c0000000)
  eden space 81408K, 0% used [0x000000076ab00000,0x000000076ab00000,0x000000076fa80000)
  from space 13312K, 73% used [0x0000000770800000,0x0000000771180ba8,0x0000000771500000)
  to   space 13824K, 0% used [0x000000076fa80000,0x000000076fa80000,0x0000000770800000)
 ParOldGen       total 38400K, used 22328K [0x00000006c0000000, 0x00000006c2580000, 0x000000076ab00000)
  object space 38400K, 58% used [0x00000006c0000000,0x00000006c15ce2f0,0x00000006c2580000)
 Metaspace       used 34696K, capacity 35197K, committed 35496K, reserved 1081344K
  class space    used 4370K, capacity 4507K, committed 4528K, reserved 1048576K
Event: 13.848 GC heap after
Heap after GC invocations=11 (full 3):
 PSYoungGen      total 94720K, used 0K [0x000000076ab00000, 0x0000000771600000, 0x00000007c0000000)
  eden space 81408K, 0% used [0x000000076ab00000,0x000000076ab00000,0x000000076fa80000)
  from space 13312K, 0% used [0x0000000770800000,0x0000000770800000,0x0000000771500000)
  to   space 13824K, 0% used [0x000000076fa80000,0x000000076fa80000,0x0000000770800000)
 ParOldGen       total 59904K, used 16854K [0x00000006c0000000, 0x00000006c3a80000, 0x000000076ab00000)
  object space 59904K, 28% used [0x00000006c0000000,0x00000006c1075898,0x00000006c3a80000)
 Metaspace       used 34696K, capacity 35197K, committed 35496K, reserved 1081344K
  class space    used 4370K, capacity 4507K, committed 4528K, reserved 1048576K
}

