# JRE version: OpenJDK Runtime Environment (8.0_202-b03) (build 1.8.0_202-release-1483-b03)
# Java VM: OpenJDK 64-Bit Server VM (25.202-b03 mixed mode windows-amd64 compressed oops)
Heap:
 PSYoungGen      total 69120K, used 44047K [0x000000076ab00000, 0x0000000770f80000, 0x00000007c0000000)
  eden space 55296K, 58% used [0x000000076ab00000,0x000000076cab3f78,0x000000076e100000)
  from space 13824K, 83% used [0x000000076e100000,0x000000076ec50030,0x000000076ee80000)
  to   space 14848K, 0% used [0x0000000770100000,0x0000000770100000,0x0000000770f80000)
 ParOldGen       total 68608K, used 19050K [0x00000006c0000000, 0x00000006c4300000, 0x000000076ab00000)
  object space 68608K, 27% used [0x00000006c0000000,0x00000006c129aad0,0x00000006c4300000)
 Metaspace       used 45919K, capacity 46642K, committed 47232K, reserved 1091584K
  class space    used 5709K, capacity 5902K, committed 6016K, reserved 1048576K
GC Heap History (10 events):
Event: 6.242 GC heap before
{Heap before GC invocations=8 (full 2):
 PSYoungGen      total 34304K, used 31744K [0x000000076ab00000, 0x000000076ee00000, 0x00000007c0000000)
  eden space 31744K, 100% used [0x000000076ab00000,0x000000076ca00000,0x000000076ca00000)
  from space 2560K, 0% used [0x000000076ca00000,0x000000076ca00000,0x000000076cc80000)
  to   space 2560K, 0% used [0x000000076eb80000,0x000000076eb80000,0x000000076ee00000)
 ParOldGen       total 40448K, used 9026K [0x00000006c0000000, 0x00000006c2780000, 0x000000076ab00000)
  object space 40448K, 22% used [0x00000006c0000000,0x00000006c08d0950,0x00000006c2780000)
 Metaspace       used 27975K, capacity 28444K, committed 28672K, reserved 1075200K
  class space    used 3640K, capacity 3794K, committed 3840K, reserved 1048576K
Event: 6.257 GC heap after
Heap after GC invocations=8 (full 2):
 PSYoungGen      total 45568K, used 2545K [0x000000076ab00000, 0x000000076ee00000, 0x00000007c0000000)
  eden space 43008K, 0% used [0x000000076ab00000,0x000000076ab00000,0x000000076d500000)
  from space 2560K, 99% used [0x000000076eb80000,0x000000076edfc760,0x000000076ee00000)
  to   space 9216K, 0% used [0x000000076dc00000,0x000000076dc00000,0x000000076e500000)
 ParOldGen       total 40448K, used 14477K [0x00000006c0000000, 0x00000006c2780000, 0x000000076ab00000)
  object space 40448K, 35% used [0x00000006c0000000,0x00000006c0e23488,0x00000006c2780000)
 Metaspace       used 27975K, capacity 28444K, committed 28672K, reserved 1075200K
  class space    used 3640K, capacity 3794K, committed 3840K, reserved 1048576K
}
Event: 8.192 GC heap before
{Heap before GC invocations=9 (full 2):
 PSYoungGen      total 45568K, used 45553K [0x000000076ab00000, 0x000000076ee00000, 0x00000007c0000000)
  eden space 43008K, 100% used [0x000000076ab00000,0x000000076d500000,0x000000076d500000)
  from space 2560K, 99% used [0x000000076eb80000,0x000000076edfc760,0x000000076ee00000)
  to   space 9216K, 0% used [0x000000076dc00000,0x000000076dc00000,0x000000076e500000)
 ParOldGen       total 40448K, used 14477K [0x00000006c0000000, 0x00000006c2780000, 0x000000076ab00000)
  object space 40448K, 35% used [0x00000006c0000000,0x00000006c0e23488,0x00000006c2780000)
 Metaspace       used 31896K, capacity 32443K, committed 32768K, reserved 1077248K
  class space    used 4087K, capacity 4258K, committed 4352K, reserved 1048576K
Event: 8.209 GC heap after
Heap after GC invocations=9 (full 2):
 PSYoungGen      total 59392K, used 9213K [0x000000076ab00000, 0x000000076fa00000, 0x00000007c0000000)
  eden space 50176K, 0% used [0x000000076ab00000,0x000000076ab00000,0x000000076dc00000)
  from space 9216K, 99% used [0x000000076dc00000,0x000000076e4ff5b8,0x000000076e500000)
  to   space 11776K, 0% used [0x000000076ee80000,0x000000076ee80000,0x000000076fa00000)
 ParOldGen       total 40448K, used 16818K [0x00000006c0000000, 0x00000006c2780000, 0x000000076ab00000)
  object space 40448K, 41% used [0x00000006c0000000,0x00000006c106c900,0x00000006c2780000)
 Metaspace       used 31896K, capacity 32443K, committed 32768K, reserved 1077248K
  class space    used 4087K, capacity 4258K, committed 4352K, reserved 1048576K
}
Event: 8.840 GC heap before
{Heap before GC invocations=10 (full 2):
 PSYoungGen      total 59392K, used 28933K [0x000000076ab00000, 0x000000076fa00000, 0x00000007c0000000)
  eden space 50176K, 39% used [0x000000076ab00000,0x000000076be41e58,0x000000076dc00000)
  from space 9216K, 99% used [0x000000076dc00000,0x000000076e4ff5b8,0x000000076e500000)
  to   space 11776K, 0% used [0x000000076ee80000,0x000000076ee80000,0x000000076fa00000)
 ParOldGen       total 40448K, used 16818K [0x00000006c0000000, 0x00000006c2780000, 0x000000076ab00000)
  object space 40448K, 41% used [0x00000006c0000000,0x00000006c106c900,0x00000006c2780000)
 Metaspace       used 34601K, capacity 35117K, committed 35496K, reserved 1081344K
  class space    used 4337K, capacity 4485K, committed 4608K, reserved 1048576K
Event: 8.857 GC heap after
Heap after GC invocations=10 (full 2):
 PSYoungGen      total 67072K, used 11766K [0x000000076ab00000, 0x0000000770a00000, 0x00000007c0000000)
  eden space 55296K, 0% used [0x000000076ab00000,0x000000076ab00000,0x000000076e100000)
  from space 11776K, 99% used [0x000000076ee80000,0x000000076f9fd950,0x000000076fa00000)
  to   space 13824K, 0% used [0x000000076e100000,0x000000076e100000,0x000000076ee80000)
 ParOldGen       total 40448K, used 18008K [0x00000006c0000000, 0x00000006c2780000, 0x000000076ab00000)
  object space 40448K, 44% used [0x00000006c0000000,0x00000006c1196390,0x00000006c2780000)
 Metaspace       used 34601K, capacity 35117K, committed 35496K, reserved 1081344K
  class space    used 4337K, capacity 4485K, committed 4608K, reserved 1048576K
}
Event: 8.857 GC heap before
{Heap before GC invocations=11 (full 3):
 PSYoungGen      total 67072K, used 11766K [0x000000076ab00000, 0x0000000770a00000, 0x00000007c0000000)
  eden space 55296K, 0% used [0x000000076ab00000,0x000000076ab00000,0x000000076e100000)
  from space 11776K, 99% used [0x000000076ee80000,0x000000076f9fd950,0x000000076fa00000)
  to   space 13824K, 0% used [0x000000076e100000,0x000000076e100000,0x000000076ee80000)
 ParOldGen       total 40448K, used 18008K [0x00000006c0000000, 0x00000006c2780000, 0x000000076ab00000)
  object space 40448K, 44% used [0x00000006c0000000,0x00000006c1196390,0x00000006c2780000)
 Metaspace       used 34601K, capacity 35117K, committed 35496K, reserved 1081344K
  class space    used 4337K, capacity 4485K, committed 4608K, reserved 1048576K
Event: 9.020 GC heap after
Heap after GC invocations=11 (full 3):
 PSYoungGen      total 67072K, used 0K [0x000000076ab00000, 0x0000000770a00000, 0x00000007c0000000)
  eden space 55296K, 0% used [0x000000076ab00000,0x000000076ab00000,0x000000076e100000)
  from space 11776K, 0% used [0x000000076ee80000,0x000000076ee80000,0x000000076fa00000)
  to   space 13824K, 0% used [0x000000076e100000,0x000000076e100000,0x000000076ee80000)
 ParOldGen       total 68608K, used 19042K [0x00000006c0000000, 0x00000006c4300000, 0x000000076ab00000)
  object space 68608K, 27% used [0x00000006c0000000,0x00000006c1298ad0,0x00000006c4300000)
 Metaspace       used 34601K, capacity 35117K, committed 35496K, reserved 1081344K
  class space    used 4337K, capacity 4485K, committed 4608K, reserved 1048576K
}
Event: 11.258 GC heap before
{Heap before GC invocations=12 (full 3):
 PSYoungGen      total 67072K, used 55296K [0x000000076ab00000, 0x0000000770a00000, 0x00000007c0000000)
  eden space 55296K, 100% used [0x000000076ab00000,0x000000076e100000,0x000000076e100000)
  from space 11776K, 0% used [0x000000076ee80000,0x000000076ee80000,0x000000076fa00000)
  to   space 13824K, 0% used [0x000000076e100000,0x000000076e100000,0x000000076ee80000)
 ParOldGen       total 68608K, used 19042K [0x00000006c0000000, 0x00000006c4300000, 0x000000076ab00000)
  object space 68608K, 27% used [0x00000006c0000000,0x00000006c1298ad0,0x00000006c4300000)
 Metaspace       used 40610K, capacity 41238K, committed 41728K, reserved 1085440K
  class space    used 5082K, capacity 5264K, committed 5376K, reserved 1048576K
Event: 11.284 GC heap after
Heap after GC invocations=12 (full 3):
 PSYoungGen      total 69120K, used 11584K [0x000000076ab00000, 0x0000000770f80000, 0x00000007c0000000)
  eden space 55296K, 0% used [0x000000076ab00000,0x000000076ab00000,0x000000076e100000)
  from space 13824K, 83% used [0x000000076e100000,0x000000076ec50030,0x000000076ee80000)
  to   space 14848K, 0% used [0x0000000770100000,0x0000000770100000,0x0000000770f80000)
 ParOldGen       total 68608K, used 19050K [0x00000006c0000000, 0x00000006c4300000, 0x000000076ab00000)
  object space 68608K, 27% used [0x00000006c0000000,0x00000006c129aad0,0x00000006c4300000)
 Metaspace       used 40610K, capacity 41238K, committed 41728K, reserved 1085440K
  class space    used 5082K, capacity 5264K, committed 5376K, reserved 1048576K
}

