# JRE version: OpenJDK Runtime Environment (8.0_202-b03) (build 1.8.0_202-release-1483-b03)
# Java VM: OpenJDK 64-Bit Server VM (25.202-b03 mixed mode windows-amd64 compressed oops)
Heap:
 PSYoungGen      total 59392K, used 51504K [0x000000076ab00000, 0x0000000770f00000, 0x00000007c0000000)
  eden space 41984K, 81% used [0x000000076ab00000,0x000000076cc50a30,0x000000076d400000)
  from space 17408K, 99% used [0x000000076eb00000,0x000000076fbfb888,0x000000076fc00000)
  to   space 23552K, 0% used [0x000000076d400000,0x000000076d400000,0x000000076eb00000)
 ParOldGen       total 65536K, used 32820K [0x00000006c0000000, 0x00000006c4000000, 0x000000076ab00000)
  object space 65536K, 50% used [0x00000006c0000000,0x00000006c200d3e0,0x00000006c4000000)
 Metaspace       used 44126K, capacity 44601K, committed 45096K, reserved 1089536K
  class space    used 5436K, capacity 5595K, committed 5680K, reserved 1048576K
GC Heap History (10 events):
Event: 11.175 GC heap before
{Heap before GC invocations=11 (full 2):
 PSYoungGen      total 39424K, used 39054K [0x000000076ab00000, 0x000000076e080000, 0x00000007c0000000)
  eden space 31744K, 98% used [0x000000076ab00000,0x000000076c9a76b0,0x000000076ca00000)
  from space 7680K, 99% used [0x000000076d380000,0x000000076dafc188,0x000000076db00000)
  to   space 9728K, 0% used [0x000000076ca00000,0x000000076ca00000,0x000000076d380000)
 ParOldGen       total 38912K, used 13748K [0x00000006c0000000, 0x00000006c2600000, 0x000000076ab00000)
  object space 38912K, 35% used [0x00000006c0000000,0x00000006c0d6d2a8,0x00000006c2600000)
 Metaspace       used 34658K, capacity 35193K, committed 35496K, reserved 1081344K
  class space    used 4368K, capacity 4507K, committed 4528K, reserved 1048576K
Event: 11.201 GC heap after
Heap after GC invocations=11 (full 2):
 PSYoungGen      total 41472K, used 9704K [0x000000076ab00000, 0x000000076f200000, 0x00000007c0000000)
  eden space 31744K, 0% used [0x000000076ab00000,0x000000076ab00000,0x000000076ca00000)
  from space 9728K, 99% used [0x000000076ca00000,0x000000076d37a0c8,0x000000076d380000)
  to   space 12800K, 0% used [0x000000076e580000,0x000000076e580000,0x000000076f200000)
 ParOldGen       total 38912K, used 18068K [0x00000006c0000000, 0x00000006c2600000, 0x000000076ab00000)
  object space 38912K, 46% used [0x00000006c0000000,0x00000006c11a53f8,0x00000006c2600000)
 Metaspace       used 34658K, capacity 35193K, committed 35496K, reserved 1081344K
  class space    used 4368K, capacity 4507K, committed 4528K, reserved 1048576K
}
Event: 11.201 GC heap before
{Heap before GC invocations=12 (full 3):
 PSYoungGen      total 41472K, used 9704K [0x000000076ab00000, 0x000000076f200000, 0x00000007c0000000)
  eden space 31744K, 0% used [0x000000076ab00000,0x000000076ab00000,0x000000076ca00000)
  from space 9728K, 99% used [0x000000076ca00000,0x000000076d37a0c8,0x000000076d380000)
  to   space 12800K, 0% used [0x000000076e580000,0x000000076e580000,0x000000076f200000)
 ParOldGen       total 38912K, used 18068K [0x00000006c0000000, 0x00000006c2600000, 0x000000076ab00000)
  object space 38912K, 46% used [0x00000006c0000000,0x00000006c11a53f8,0x00000006c2600000)
 Metaspace       used 34658K, capacity 35193K, committed 35496K, reserved 1081344K
  class space    used 4368K, capacity 4507K, committed 4528K, reserved 1048576K
Event: 11.382 GC heap after
Heap after GC invocations=12 (full 3):
 PSYoungGen      total 41472K, used 0K [0x000000076ab00000, 0x000000076f200000, 0x00000007c0000000)
  eden space 31744K, 0% used [0x000000076ab00000,0x000000076ab00000,0x000000076ca00000)
  from space 9728K, 0% used [0x000000076ca00000,0x000000076ca00000,0x000000076d380000)
  to   space 12800K, 0% used [0x000000076e580000,0x000000076e580000,0x000000076f200000)
 ParOldGen       total 65536K, used 19985K [0x00000006c0000000, 0x00000006c4000000, 0x000000076ab00000)
  object space 65536K, 30% used [0x00000006c0000000,0x00000006c1384538,0x00000006c4000000)
 Metaspace       used 34658K, capacity 35193K, committed 35496K, reserved 1081344K
  class space    used 4368K, capacity 4507K, committed 4528K, reserved 1048576K
}
Event: 13.569 GC heap before
{Heap before GC invocations=13 (full 3):
 PSYoungGen      total 41472K, used 31744K [0x000000076ab00000, 0x000000076f200000, 0x00000007c0000000)
  eden space 31744K, 100% used [0x000000076ab00000,0x000000076ca00000,0x000000076ca00000)
  from space 9728K, 0% used [0x000000076ca00000,0x000000076ca00000,0x000000076d380000)
  to   space 12800K, 0% used [0x000000076e580000,0x000000076e580000,0x000000076f200000)
 ParOldGen       total 65536K, used 19985K [0x00000006c0000000, 0x00000006c4000000, 0x000000076ab00000)
  object space 65536K, 30% used [0x00000006c0000000,0x00000006c1384538,0x00000006c4000000)
 Metaspace       used 37009K, capacity 37529K, committed 37928K, reserved 1083392K
  class space    used 4632K, capacity 4795K, committed 4912K, reserved 1048576K
Event: 13.582 GC heap after
Heap after GC invocations=13 (full 3):
 PSYoungGen      total 50688K, used 11894K [0x000000076ab00000, 0x000000076f180000, 0x00000007c0000000)
  eden space 38400K, 0% used [0x000000076ab00000,0x000000076ab00000,0x000000076d080000)
  from space 12288K, 96% used [0x000000076e580000,0x000000076f11da40,0x000000076f180000)
  to   space 14336K, 0% used [0x000000076d580000,0x000000076d580000,0x000000076e380000)
 ParOldGen       total 65536K, used 19993K [0x00000006c0000000, 0x00000006c4000000, 0x000000076ab00000)
  object space 65536K, 30% used [0x00000006c0000000,0x00000006c1386538,0x00000006c4000000)
 Metaspace       used 37009K, capacity 37529K, committed 37928K, reserved 1083392K
  class space    used 4632K, capacity 4795K, committed 4912K, reserved 1048576K
}
Event: 14.451 GC heap before
{Heap before GC invocations=14 (full 3):
 PSYoungGen      total 50688K, used 50294K [0x000000076ab00000, 0x000000076f180000, 0x00000007c0000000)
  eden space 38400K, 100% used [0x000000076ab00000,0x000000076d080000,0x000000076d080000)
  from space 12288K, 96% used [0x000000076e580000,0x000000076f11da40,0x000000076f180000)
  to   space 14336K, 0% used [0x000000076d580000,0x000000076d580000,0x000000076e380000)
 ParOldGen       total 65536K, used 19993K [0x00000006c0000000, 0x00000006c4000000, 0x000000076ab00000)
  object space 65536K, 30% used [0x00000006c0000000,0x00000006c1386538,0x00000006c4000000)
 Metaspace       used 37428K, capacity 38009K, committed 38440K, reserved 1083392K
  class space    used 4658K, capacity 4827K, committed 4912K, reserved 1048576K
Event: 14.481 GC heap after
Heap after GC invocations=14 (full 3):
 PSYoungGen      total 57856K, used 14326K [0x000000076ab00000, 0x000000076fc00000, 0x00000007c0000000)
  eden space 43520K, 0% used [0x000000076ab00000,0x000000076ab00000,0x000000076d580000)
  from space 14336K, 99% used [0x000000076d580000,0x000000076e37d808,0x000000076e380000)
  to   space 17408K, 0% used [0x000000076eb00000,0x000000076eb00000,0x000000076fc00000)
 ParOldGen       total 65536K, used 23347K [0x00000006c0000000, 0x00000006c4000000, 0x000000076ab00000)
  object space 65536K, 35% used [0x00000006c0000000,0x00000006c16ccec8,0x00000006c4000000)
 Metaspace       used 37428K, capacity 38009K, committed 38440K, reserved 1083392K
  class space    used 4658K, capacity 4827K, committed 4912K, reserved 1048576K
}
Event: 15.782 GC heap before
{Heap before GC invocations=15 (full 3):
 PSYoungGen      total 57856K, used 57846K [0x000000076ab00000, 0x000000076fc00000, 0x00000007c0000000)
  eden space 43520K, 100% used [0x000000076ab00000,0x000000076d580000,0x000000076d580000)
  from space 14336K, 99% used [0x000000076d580000,0x000000076e37d808,0x000000076e380000)
  to   space 17408K, 0% used [0x000000076eb00000,0x000000076eb00000,0x000000076fc00000)
 ParOldGen       total 65536K, used 23347K [0x00000006c0000000, 0x00000006c4000000, 0x000000076ab00000)
  object space 65536K, 35% used [0x00000006c0000000,0x00000006c16ccec8,0x00000006c4000000)
 Metaspace       used 39053K, capacity 39577K, committed 39848K, reserved 1083392K
  class space    used 4827K, capacity 4987K, committed 5040K, reserved 1048576K
Event: 15.820 GC heap after
Heap after GC invocations=15 (full 3):
 PSYoungGen      total 59392K, used 17390K [0x000000076ab00000, 0x0000000770f00000, 0x00000007c0000000)
  eden space 41984K, 0% used [0x000000076ab00000,0x000000076ab00000,0x000000076d400000)
  from space 17408K, 99% used [0x000000076eb00000,0x000000076fbfb888,0x000000076fc00000)
  to   space 23552K, 0% used [0x000000076d400000,0x000000076d400000,0x000000076eb00000)
 ParOldGen       total 65536K, used 32820K [0x00000006c0000000, 0x00000006c4000000, 0x000000076ab00000)
  object space 65536K, 50% used [0x00000006c0000000,0x00000006c200d3e0,0x00000006c4000000)
 Metaspace       used 39053K, capacity 39577K, committed 39848K, reserved 1083392K
  class space    used 4827K, capacity 4987K, committed 5040K, reserved 1048576K
}

