# JRE version: OpenJDK Runtime Environment (8.0_202-b03) (build 1.8.0_202-release-1483-b03)
# Java VM: OpenJDK 64-Bit Server VM (25.202-b03 mixed mode windows-amd64 compressed oops)
Heap:
 PSYoungGen      total 708096K, used 212253K [0x000000076ab00000, 0x00000007a7e00000, 0x00000007c0000000)
  eden space 585216K, 15% used [0x000000076ab00000,0x000000077024ed90,0x000000078e680000)
  from space 122880K, 99% used [0x0000000798780000,0x000000079ff78918,0x000000079ff80000)
  to   space 164864K, 0% used [0x000000078e680000,0x000000078e680000,0x0000000798780000)
 ParOldGen       total 287232K, used 185938K [0x00000006c0000000, 0x00000006d1880000, 0x000000076ab00000)
  object space 287232K, 64% used [0x00000006c0000000,0x00000006cb594b90,0x00000006d1880000)
 Metaspace       used 222351K, capacity 227776K, committed 228264K, reserved 1249280K
  class space    used 26226K, capacity 27759K, committed 27816K, reserved 1048576K
GC Heap History (10 events):
Event: 4127.987 GC heap before
{Heap before GC invocations=45 (full 7):
 PSYoungGen      total 689152K, used 104495K [0x000000076ab00000, 0x000000079dd80000, 0x00000007c0000000)
  eden space 576000K, 0% used [0x000000076ab00000,0x000000076ab00000,0x000000078dd80000)
  from space 113152K, 92% used [0x0000000795a00000,0x000000079c00bd30,0x000000079c880000)
  to   space 127488K, 0% used [0x000000078dd80000,0x000000078dd80000,0x0000000795a00000)
 ParOldGen       total 176128K, used 100347K [0x00000006c0000000, 0x00000006cac00000, 0x000000076ab00000)
  object space 176128K, 56% used [0x00000006c0000000,0x00000006c61fefd0,0x00000006cac00000)
 Metaspace       used 189103K, capacity 193744K, committed 193988K, reserved 1220608K
  class space    used 22262K, capacity 23577K, committed 23592K, reserved 1048576K
Event: 4137.127 GC heap after
Heap after GC invocations=45 (full 7):
 PSYoungGen      total 689152K, used 0K [0x000000076ab00000, 0x000000079dd80000, 0x00000007c0000000)
  eden space 576000K, 0% used [0x000000076ab00000,0x000000076ab00000,0x000000078dd80000)
  from space 113152K, 0% used [0x0000000795a00000,0x0000000795a00000,0x000000079c880000)
  to   space 127488K, 0% used [0x000000078dd80000,0x000000078dd80000,0x0000000795a00000)
 ParOldGen       total 287232K, used 150083K [0x00000006c0000000, 0x00000006d1880000, 0x000000076ab00000)
  object space 287232K, 52% used [0x00000006c0000000,0x00000006c9290d50,0x00000006d1880000)
 Metaspace       used 187172K, capacity 191672K, committed 193988K, reserved 1220608K
  class space    used 22035K, capacity 23287K, committed 23592K, reserved 1048576K
}
Event: 4617.349 GC heap before
{Heap before GC invocations=46 (full 7):
 PSYoungGen      total 689152K, used 576000K [0x000000076ab00000, 0x000000079dd80000, 0x00000007c0000000)
  eden space 576000K, 100% used [0x000000076ab00000,0x000000078dd80000,0x000000078dd80000)
  from space 113152K, 0% used [0x0000000795a00000,0x0000000795a00000,0x000000079c880000)
  to   space 127488K, 0% used [0x000000078dd80000,0x000000078dd80000,0x0000000795a00000)
 ParOldGen       total 287232K, used 150083K [0x00000006c0000000, 0x00000006d1880000, 0x000000076ab00000)
  object space 287232K, 52% used [0x00000006c0000000,0x00000006c9290d50,0x00000006d1880000)
 Metaspace       used 190185K, capacity 194868K, committed 195268K, reserved 1220608K
  class space    used 22357K, capacity 23715K, committed 23848K, reserved 1048576K
Event: 4617.887 GC heap after
Heap after GC invocations=46 (full 7):
 PSYoungGen      total 703488K, used 68353K [0x000000076ab00000, 0x00000007a0280000, 0x00000007c0000000)
  eden space 576000K, 0% used [0x000000076ab00000,0x000000076ab00000,0x000000078dd80000)
  from space 127488K, 53% used [0x000000078dd80000,0x0000000792040528,0x0000000795a00000)
  to   space 125952K, 0% used [0x0000000798780000,0x0000000798780000,0x00000007a0280000)
 ParOldGen       total 287232K, used 150091K [0x00000006c0000000, 0x00000006d1880000, 0x000000076ab00000)
  object space 287232K, 52% used [0x00000006c0000000,0x00000006c9292d50,0x00000006d1880000)
 Metaspace       used 190185K, capacity 194868K, committed 195268K, reserved 1220608K
  class space    used 22357K, capacity 23715K, committed 23848K, reserved 1048576K
}
Event: 4632.587 GC heap before
{Heap before GC invocations=47 (full 7):
 PSYoungGen      total 703488K, used 644353K [0x000000076ab00000, 0x00000007a0280000, 0x00000007c0000000)
  eden space 576000K, 100% used [0x000000076ab00000,0x000000078dd80000,0x000000078dd80000)
  from space 127488K, 53% used [0x000000078dd80000,0x0000000792040528,0x0000000795a00000)
  to   space 125952K, 0% used [0x0000000798780000,0x0000000798780000,0x00000007a0280000)
 ParOldGen       total 287232K, used 150091K [0x00000006c0000000, 0x00000006d1880000, 0x000000076ab00000)
  object space 287232K, 52% used [0x00000006c0000000,0x00000006c9292d50,0x00000006d1880000)
 Metaspace       used 200761K, capacity 205670K, committed 206120K, reserved 1230848K
  class space    used 23629K, capacity 25006K, committed 25128K, reserved 1048576K
Event: 4632.748 GC heap after
Heap after GC invocations=47 (full 7):
 PSYoungGen      total 752128K, used 60744K [0x000000076ab00000, 0x000000079ff80000, 0x00000007c0000000)
  eden space 629248K, 0% used [0x000000076ab00000,0x000000076ab00000,0x0000000791180000)
  from space 122880K, 49% used [0x0000000798780000,0x000000079c2d2370,0x000000079ff80000)
  to   space 120832K, 0% used [0x0000000791180000,0x0000000791180000,0x0000000798780000)
 ParOldGen       total 287232K, used 150099K [0x00000006c0000000, 0x00000006d1880000, 0x000000076ab00000)
  object space 287232K, 52% used [0x00000006c0000000,0x00000006c9294d50,0x00000006d1880000)
 Metaspace       used 200761K, capacity 205670K, committed 206120K, reserved 1230848K
  class space    used 23629K, capacity 25006K, committed 25128K, reserved 1048576K
}
Event: 5119.090 GC heap before
{Heap before GC invocations=48 (full 7):
 PSYoungGen      total 752128K, used 689992K [0x000000076ab00000, 0x000000079ff80000, 0x00000007c0000000)
  eden space 629248K, 100% used [0x000000076ab00000,0x0000000791180000,0x0000000791180000)
  from space 122880K, 49% used [0x0000000798780000,0x000000079c2d2370,0x000000079ff80000)
  to   space 120832K, 0% used [0x0000000791180000,0x0000000791180000,0x0000000798780000)
 ParOldGen       total 287232K, used 150099K [0x00000006c0000000, 0x00000006d1880000, 0x000000076ab00000)
  object space 287232K, 52% used [0x00000006c0000000,0x00000006c9294d50,0x00000006d1880000)
 Metaspace       used 211976K, capacity 217072K, committed 217512K, reserved 1241088K
  class space    used 24964K, capacity 26433K, committed 26536K, reserved 1048576K
Event: 5120.730 GC heap after
Heap after GC invocations=48 (full 7):
 PSYoungGen      total 750080K, used 120826K [0x000000076ab00000, 0x000000079ff80000, 0x00000007c0000000)
  eden space 629248K, 0% used [0x000000076ab00000,0x000000076ab00000,0x0000000791180000)
  from space 120832K, 99% used [0x0000000791180000,0x000000079877e9d0,0x0000000798780000)
  to   space 122880K, 0% used [0x0000000798780000,0x0000000798780000,0x000000079ff80000)
 ParOldGen       total 287232K, used 180766K [0x00000006c0000000, 0x00000006d1880000, 0x000000076ab00000)
  object space 287232K, 62% used [0x00000006c0000000,0x00000006cb087848,0x00000006d1880000)
 Metaspace       used 211976K, capacity 217072K, committed 217512K, reserved 1241088K
  class space    used 24964K, capacity 26433K, committed 26536K, reserved 1048576K
}
Event: 5764.333 GC heap before
{Heap before GC invocations=49 (full 7):
 PSYoungGen      total 750080K, used 750074K [0x000000076ab00000, 0x000000079ff80000, 0x00000007c0000000)
  eden space 629248K, 100% used [0x000000076ab00000,0x0000000791180000,0x0000000791180000)
  from space 120832K, 99% used [0x0000000791180000,0x000000079877e9d0,0x0000000798780000)
  to   space 122880K, 0% used [0x0000000798780000,0x0000000798780000,0x000000079ff80000)
 ParOldGen       total 287232K, used 180766K [0x00000006c0000000, 0x00000006d1880000, 0x000000076ab00000)
  object space 287232K, 62% used [0x00000006c0000000,0x00000006cb087848,0x00000006d1880000)
 Metaspace       used 220759K, capacity 226114K, committed 226472K, reserved 1249280K
  class space    used 26020K, capacity 27554K, committed 27560K, reserved 1048576K
Event: 5765.840 GC heap after
Heap after GC invocations=49 (full 7):
 PSYoungGen      total 708096K, used 122850K [0x000000076ab00000, 0x00000007a7e00000, 0x00000007c0000000)
  eden space 585216K, 0% used [0x000000076ab00000,0x000000076ab00000,0x000000078e680000)
  from space 122880K, 99% used [0x0000000798780000,0x000000079ff78918,0x000000079ff80000)
  to   space 164864K, 0% used [0x000000078e680000,0x000000078e680000,0x0000000798780000)
 ParOldGen       total 287232K, used 185938K [0x00000006c0000000, 0x00000006d1880000, 0x000000076ab00000)
  object space 287232K, 64% used [0x00000006c0000000,0x00000006cb594b90,0x00000006d1880000)
 Metaspace       used 220759K, capacity 226114K, committed 226472K, reserved 1249280K
  class space    used 26020K, capacity 27554K, committed 27560K, reserved 1048576K
}

