# JRE version: OpenJDK Runtime Environment (8.0_202-b03) (build 1.8.0_202-release-1483-b03)
# Java VM: OpenJDK 64-Bit Server VM (25.202-b03 mixed mode windows-amd64 compressed oops)
Heap:
 PSYoungGen      total 110080K, used 100352K [0x00000000ebb80000, 0x00000000f6400000, 0x0000000100000000)
  eden space 79872K, 87% used [0x00000000ebb80000,0x00000000f0005270,0x00000000f0980000)
  from space 30208K, 99% used [0x00000000f4680000,0x00000000f63fb150,0x00000000f6400000)
  to   space 22016K, 0% used [0x00000000f0980000,0x00000000f0980000,0x00000000f1f00000)
 ParOldGen       total 99328K, used 48825K [0x00000000c3200000, 0x00000000c9300000, 0x00000000ebb80000)
  object space 99328K, 49% used [0x00000000c3200000,0x00000000c61ae6e0,0x00000000c9300000)
 Metaspace       used 47092K, capacity 47597K, committed 48216K, reserved 1091584K
  class space    used 5785K, capacity 5945K, committed 6016K, reserved 1048576K
GC Heap History (10 events):
Event: 5.530 GC heap before
{Heap before GC invocations=6 (full 1):
 PSYoungGen      total 66048K, used 63488K [0x00000000ebb80000, 0x00000000efe80000, 0x0000000100000000)
  eden space 63488K, 100% used [0x00000000ebb80000,0x00000000ef980000,0x00000000ef980000)
  from space 2560K, 0% used [0x00000000efc00000,0x00000000efc00000,0x00000000efe80000)
  to   space 2560K, 0% used [0x00000000ef980000,0x00000000ef980000,0x00000000efc00000)
 ParOldGen       total 43008K, used 9528K [0x00000000c3200000, 0x00000000c5c00000, 0x00000000ebb80000)
  object space 43008K, 22% used [0x00000000c3200000,0x00000000c3b4e0b0,0x00000000c5c00000)
 Metaspace       used 28207K, capacity 28659K, committed 29056K, reserved 1075200K
  class space    used 3547K, capacity 3692K, committed 3712K, reserved 1048576K
Event: 5.561 GC heap after
Heap after GC invocations=6 (full 1):
 PSYoungGen      total 66048K, used 2558K [0x00000000ebb80000, 0x00000000f2e80000, 0x0000000100000000)
  eden space 63488K, 0% used [0x00000000ebb80000,0x00000000ebb80000,0x00000000ef980000)
  from space 2560K, 99% used [0x00000000ef980000,0x00000000efbffb08,0x00000000efc00000)
  to   space 15872K, 0% used [0x00000000f1f00000,0x00000000f1f00000,0x00000000f2e80000)
 ParOldGen       total 43008K, used 23257K [0x00000000c3200000, 0x00000000c5c00000, 0x00000000ebb80000)
  object space 43008K, 54% used [0x00000000c3200000,0x00000000c48b6610,0x00000000c5c00000)
 Metaspace       used 28207K, capacity 28659K, committed 29056K, reserved 1075200K
  class space    used 3547K, capacity 3692K, committed 3712K, reserved 1048576K
}
Event: 9.714 GC heap before
{Heap before GC invocations=7 (full 1):
 PSYoungGen      total 66048K, used 65460K [0x00000000ebb80000, 0x00000000f2e80000, 0x0000000100000000)
  eden space 63488K, 99% used [0x00000000ebb80000,0x00000000ef8ed6e8,0x00000000ef980000)
  from space 2560K, 99% used [0x00000000ef980000,0x00000000efbffb08,0x00000000efc00000)
  to   space 15872K, 0% used [0x00000000f1f00000,0x00000000f1f00000,0x00000000f2e80000)
 ParOldGen       total 43008K, used 23257K [0x00000000c3200000, 0x00000000c5c00000, 0x00000000ebb80000)
  object space 43008K, 54% used [0x00000000c3200000,0x00000000c48b6610,0x00000000c5c00000)
 Metaspace       used 33851K, capacity 34299K, committed 34688K, reserved 1079296K
  class space    used 4227K, capacity 4382K, committed 4480K, reserved 1048576K
Event: 9.764 GC heap after
Heap after GC invocations=7 (full 1):
 PSYoungGen      total 95744K, used 15846K [0x00000000ebb80000, 0x00000000f3980000, 0x0000000100000000)
  eden space 79872K, 0% used [0x00000000ebb80000,0x00000000ebb80000,0x00000000f0980000)
  from space 15872K, 99% used [0x00000000f1f00000,0x00000000f2e79b70,0x00000000f2e80000)
  to   space 22016K, 0% used [0x00000000f0980000,0x00000000f0980000,0x00000000f1f00000)
 ParOldGen       total 43008K, used 27993K [0x00000000c3200000, 0x00000000c5c00000, 0x00000000ebb80000)
  object space 43008K, 65% used [0x00000000c3200000,0x00000000c4d567b8,0x00000000c5c00000)
 Metaspace       used 33851K, capacity 34299K, committed 34688K, reserved 1079296K
  class space    used 4227K, capacity 4382K, committed 4480K, reserved 1048576K
}
Event: 11.062 GC heap before
{Heap before GC invocations=8 (full 1):
 PSYoungGen      total 95744K, used 68516K [0x00000000ebb80000, 0x00000000f3980000, 0x0000000100000000)
  eden space 79872K, 65% used [0x00000000ebb80000,0x00000000eeeef860,0x00000000f0980000)
  from space 15872K, 99% used [0x00000000f1f00000,0x00000000f2e79b70,0x00000000f2e80000)
  to   space 22016K, 0% used [0x00000000f0980000,0x00000000f0980000,0x00000000f1f00000)
 ParOldGen       total 43008K, used 27993K [0x00000000c3200000, 0x00000000c5c00000, 0x00000000ebb80000)
  object space 43008K, 65% used [0x00000000c3200000,0x00000000c4d567b8,0x00000000c5c00000)
 Metaspace       used 34634K, capacity 35035K, committed 35416K, reserved 1081344K
  class space    used 4270K, capacity 4414K, committed 4480K, reserved 1048576K
Event: 11.106 GC heap after
Heap after GC invocations=8 (full 1):
 PSYoungGen      total 101888K, used 22008K [0x00000000ebb80000, 0x00000000f6400000, 0x0000000100000000)
  eden space 79872K, 0% used [0x00000000ebb80000,0x00000000ebb80000,0x00000000f0980000)
  from space 22016K, 99% used [0x00000000f0980000,0x00000000f1efe338,0x00000000f1f00000)
  to   space 30208K, 0% used [0x00000000f4680000,0x00000000f4680000,0x00000000f6400000)
 ParOldGen       total 43008K, used 36684K [0x00000000c3200000, 0x00000000c5c00000, 0x00000000ebb80000)
  object space 43008K, 85% used [0x00000000c3200000,0x00000000c55d32c0,0x00000000c5c00000)
 Metaspace       used 34634K, capacity 35035K, committed 35416K, reserved 1081344K
  class space    used 4270K, capacity 4414K, committed 4480K, reserved 1048576K
}
Event: 11.106 GC heap before
{Heap before GC invocations=9 (full 2):
 PSYoungGen      total 101888K, used 22008K [0x00000000ebb80000, 0x00000000f6400000, 0x0000000100000000)
  eden space 79872K, 0% used [0x00000000ebb80000,0x00000000ebb80000,0x00000000f0980000)
  from space 22016K, 99% used [0x00000000f0980000,0x00000000f1efe338,0x00000000f1f00000)
  to   space 30208K, 0% used [0x00000000f4680000,0x00000000f4680000,0x00000000f6400000)
 ParOldGen       total 43008K, used 36684K [0x00000000c3200000, 0x00000000c5c00000, 0x00000000ebb80000)
  object space 43008K, 85% used [0x00000000c3200000,0x00000000c55d32c0,0x00000000c5c00000)
 Metaspace       used 34634K, capacity 35035K, committed 35416K, reserved 1081344K
  class space    used 4270K, capacity 4414K, committed 4480K, reserved 1048576K
Event: 11.505 GC heap after
Heap after GC invocations=9 (full 2):
 PSYoungGen      total 101888K, used 8654K [0x00000000ebb80000, 0x00000000f6400000, 0x0000000100000000)
  eden space 79872K, 0% used [0x00000000ebb80000,0x00000000ebb80000,0x00000000f0980000)
  from space 22016K, 39% used [0x00000000f0980000,0x00000000f11f3b88,0x00000000f1f00000)
  to   space 30208K, 0% used [0x00000000f4680000,0x00000000f4680000,0x00000000f6400000)
 ParOldGen       total 99328K, used 42677K [0x00000000c3200000, 0x00000000c9300000, 0x00000000ebb80000)
  object space 99328K, 42% used [0x00000000c3200000,0x00000000c5bad450,0x00000000c9300000)
 Metaspace       used 34634K, capacity 35035K, committed 35416K, reserved 1081344K
  class space    used 4270K, capacity 4414K, committed 4480K, reserved 1048576K
}
Event: 14.845 GC heap before
{Heap before GC invocations=10 (full 2):
 PSYoungGen      total 101888K, used 88526K [0x00000000ebb80000, 0x00000000f6400000, 0x0000000100000000)
  eden space 79872K, 100% used [0x00000000ebb80000,0x00000000f0980000,0x00000000f0980000)
  from space 22016K, 39% used [0x00000000f0980000,0x00000000f11f3b88,0x00000000f1f00000)
  to   space 30208K, 0% used [0x00000000f4680000,0x00000000f4680000,0x00000000f6400000)
 ParOldGen       total 99328K, used 42677K [0x00000000c3200000, 0x00000000c9300000, 0x00000000ebb80000)
  object space 99328K, 42% used [0x00000000c3200000,0x00000000c5bad450,0x00000000c9300000)
 Metaspace       used 43716K, capacity 44173K, committed 44632K, reserved 1089536K
  class space    used 5333K, capacity 5475K, committed 5504K, reserved 1048576K
Event: 14.927 GC heap after
Heap after GC invocations=10 (full 2):
 PSYoungGen      total 110080K, used 30188K [0x00000000ebb80000, 0x00000000f6400000, 0x0000000100000000)
  eden space 79872K, 0% used [0x00000000ebb80000,0x00000000ebb80000,0x00000000f0980000)
  from space 30208K, 99% used [0x00000000f4680000,0x00000000f63fb150,0x00000000f6400000)
  to   space 22016K, 0% used [0x00000000f0980000,0x00000000f0980000,0x00000000f1f00000)
 ParOldGen       total 99328K, used 48825K [0x00000000c3200000, 0x00000000c9300000, 0x00000000ebb80000)
  object space 99328K, 49% used [0x00000000c3200000,0x00000000c61ae6e0,0x00000000c9300000)
 Metaspace       used 43716K, capacity 44173K, committed 44632K, reserved 1089536K
  class space    used 5333K, capacity 5475K, committed 5504K, reserved 1048576K
}

