# JRE version: OpenJDK Runtime Environment (8.0_202-b03) (build 1.8.0_202-release-1483-b03)
# Java VM: OpenJDK 64-Bit Server VM (25.202-b03 mixed mode windows-amd64 compressed oops)
Heap:
 PSYoungGen      total 79360K, used 66733K [0x000000076ab00000, 0x0000000771480000, 0x00000007c0000000)
  eden space 65024K, 80% used [0x000000076ab00000,0x000000076de31d40,0x000000076ea80000)
  from space 14336K, 99% used [0x000000076f000000,0x000000076fdf97f8,0x000000076fe00000)
  to   space 21504K, 0% used [0x000000076ff80000,0x000000076ff80000,0x0000000771480000)
 ParOldGen       total 57856K, used 33030K [0x00000006c0000000, 0x00000006c3880000, 0x000000076ab00000)
  object space 57856K, 57% used [0x00000006c0000000,0x00000006c2041ab0,0x00000006c3880000)
 Metaspace       used 44092K, capacity 44657K, committed 45096K, reserved 1089536K
  class space    used 5430K, capacity 5593K, committed 5680K, reserved 1048576K
GC Heap History (10 events):
Event: 17.908 GC heap before
{Heap before GC invocations=10 (full 2):
 PSYoungGen      total 34304K, used 32736K [0x000000076ab00000, 0x000000076e700000, 0x00000007c0000000)
  eden space 26624K, 100% used [0x000000076ab00000,0x000000076c500000,0x000000076c500000)
  from space 7680K, 79% used [0x000000076c500000,0x000000076caf82f0,0x000000076cc80000)
  to   space 8192K, 0% used [0x000000076df00000,0x000000076df00000,0x000000076e700000)
 ParOldGen       total 36864K, used 12402K [0x00000006c0000000, 0x00000006c2400000, 0x000000076ab00000)
  object space 36864K, 33% used [0x00000006c0000000,0x00000006c0c1cbb8,0x00000006c2400000)
 Metaspace       used 30211K, capacity 30653K, committed 30896K, reserved 1077248K
  class space    used 3763K, capacity 3909K, committed 4016K, reserved 1048576K
Event: 17.925 GC heap after
Heap after GC invocations=10 (full 2):
 PSYoungGen      total 50688K, used 8190K [0x000000076ab00000, 0x000000076ed80000, 0x00000007c0000000)
  eden space 42496K, 0% used [0x000000076ab00000,0x000000076ab00000,0x000000076d480000)
  from space 8192K, 99% used [0x000000076df00000,0x000000076e6ff890,0x000000076e700000)
  to   space 10752K, 0% used [0x000000076d480000,0x000000076d480000,0x000000076df00000)
 ParOldGen       total 36864K, used 16489K [0x00000006c0000000, 0x00000006c2400000, 0x000000076ab00000)
  object space 36864K, 44% used [0x00000006c0000000,0x00000006c101a690,0x00000006c2400000)
 Metaspace       used 30211K, capacity 30653K, committed 30896K, reserved 1077248K
  class space    used 3763K, capacity 3909K, committed 4016K, reserved 1048576K
}
Event: 19.391 GC heap before
{Heap before GC invocations=11 (full 2):
 PSYoungGen      total 50688K, used 33046K [0x000000076ab00000, 0x000000076ed80000, 0x00000007c0000000)
  eden space 42496K, 58% used [0x000000076ab00000,0x000000076c346168,0x000000076d480000)
  from space 8192K, 99% used [0x000000076df00000,0x000000076e6ff890,0x000000076e700000)
  to   space 10752K, 0% used [0x000000076d480000,0x000000076d480000,0x000000076df00000)
 ParOldGen       total 36864K, used 16489K [0x00000006c0000000, 0x00000006c2400000, 0x000000076ab00000)
  object space 36864K, 44% used [0x00000006c0000000,0x00000006c101a690,0x00000006c2400000)
 Metaspace       used 34700K, capacity 35185K, committed 35496K, reserved 1081344K
  class space    used 4367K, capacity 4505K, committed 4528K, reserved 1048576K
Event: 19.411 GC heap after
Heap after GC invocations=11 (full 2):
 PSYoungGen      total 53248K, used 10746K [0x000000076ab00000, 0x0000000770d00000, 0x00000007c0000000)
  eden space 42496K, 0% used [0x000000076ab00000,0x000000076ab00000,0x000000076d480000)
  from space 10752K, 99% used [0x000000076d480000,0x000000076defe948,0x000000076df00000)
  to   space 13312K, 0% used [0x0000000770000000,0x0000000770000000,0x0000000770d00000)
 ParOldGen       total 36864K, used 18388K [0x00000006c0000000, 0x00000006c2400000, 0x000000076ab00000)
  object space 36864K, 49% used [0x00000006c0000000,0x00000006c11f5328,0x00000006c2400000)
 Metaspace       used 34700K, capacity 35185K, committed 35496K, reserved 1081344K
  class space    used 4367K, capacity 4505K, committed 4528K, reserved 1048576K
}
Event: 19.411 GC heap before
{Heap before GC invocations=12 (full 3):
 PSYoungGen      total 53248K, used 10746K [0x000000076ab00000, 0x0000000770d00000, 0x00000007c0000000)
  eden space 42496K, 0% used [0x000000076ab00000,0x000000076ab00000,0x000000076d480000)
  from space 10752K, 99% used [0x000000076d480000,0x000000076defe948,0x000000076df00000)
  to   space 13312K, 0% used [0x0000000770000000,0x0000000770000000,0x0000000770d00000)
 ParOldGen       total 36864K, used 18388K [0x00000006c0000000, 0x00000006c2400000, 0x000000076ab00000)
  object space 36864K, 49% used [0x00000006c0000000,0x00000006c11f5328,0x00000006c2400000)
 Metaspace       used 34700K, capacity 35185K, committed 35496K, reserved 1081344K
  class space    used 4367K, capacity 4505K, committed 4528K, reserved 1048576K
Event: 19.602 GC heap after
Heap after GC invocations=12 (full 3):
 PSYoungGen      total 53248K, used 0K [0x000000076ab00000, 0x0000000770d00000, 0x00000007c0000000)
  eden space 42496K, 0% used [0x000000076ab00000,0x000000076ab00000,0x000000076d480000)
  from space 10752K, 0% used [0x000000076d480000,0x000000076d480000,0x000000076df00000)
  to   space 13312K, 0% used [0x0000000770000000,0x0000000770000000,0x0000000770d00000)
 ParOldGen       total 57856K, used 18589K [0x00000006c0000000, 0x00000006c3880000, 0x000000076ab00000)
  object space 57856K, 32% used [0x00000006c0000000,0x00000006c12275d0,0x00000006c3880000)
 Metaspace       used 34700K, capacity 35185K, committed 35496K, reserved 1081344K
  class space    used 4367K, capacity 4505K, committed 4528K, reserved 1048576K
}
Event: 21.739 GC heap before
{Heap before GC invocations=13 (full 3):
 PSYoungGen      total 53248K, used 42496K [0x000000076ab00000, 0x0000000770d00000, 0x00000007c0000000)
  eden space 42496K, 100% used [0x000000076ab00000,0x000000076d480000,0x000000076d480000)
  from space 10752K, 0% used [0x000000076d480000,0x000000076d480000,0x000000076df00000)
  to   space 13312K, 0% used [0x0000000770000000,0x0000000770000000,0x0000000770d00000)
 ParOldGen       total 57856K, used 18589K [0x00000006c0000000, 0x00000006c3880000, 0x000000076ab00000)
  object space 57856K, 32% used [0x00000006c0000000,0x00000006c12275d0,0x00000006c3880000)
 Metaspace       used 37032K, capacity 37521K, committed 37928K, reserved 1083392K
  class space    used 4629K, capacity 4793K, committed 4912K, reserved 1048576K
Event: 21.757 GC heap after
Heap after GC invocations=13 (full 3):
 PSYoungGen      total 64000K, used 11783K [0x000000076ab00000, 0x0000000770c00000, 0x00000007c0000000)
  eden space 51712K, 0% used [0x000000076ab00000,0x000000076ab00000,0x000000076dd80000)
  from space 12288K, 95% used [0x0000000770000000,0x0000000770b81e48,0x0000000770c00000)
  to   space 14336K, 0% used [0x000000076f000000,0x000000076f000000,0x000000076fe00000)
 ParOldGen       total 57856K, used 18597K [0x00000006c0000000, 0x00000006c3880000, 0x000000076ab00000)
  object space 57856K, 32% used [0x00000006c0000000,0x00000006c12295d0,0x00000006c3880000)
 Metaspace       used 37032K, capacity 37521K, committed 37928K, reserved 1083392K
  class space    used 4629K, capacity 4793K, committed 4912K, reserved 1048576K
}
Event: 22.953 GC heap before
{Heap before GC invocations=14 (full 3):
 PSYoungGen      total 64000K, used 63495K [0x000000076ab00000, 0x0000000770c00000, 0x00000007c0000000)
  eden space 51712K, 100% used [0x000000076ab00000,0x000000076dd80000,0x000000076dd80000)
  from space 12288K, 95% used [0x0000000770000000,0x0000000770b81e48,0x0000000770c00000)
  to   space 14336K, 0% used [0x000000076f000000,0x000000076f000000,0x000000076fe00000)
 ParOldGen       total 57856K, used 18597K [0x00000006c0000000, 0x00000006c3880000, 0x000000076ab00000)
  object space 57856K, 32% used [0x00000006c0000000,0x00000006c12295d0,0x00000006c3880000)
 Metaspace       used 37687K, capacity 38193K, committed 38696K, reserved 1083392K
  class space    used 4660K, capacity 4825K, committed 4912K, reserved 1048576K
Event: 22.989 GC heap after
Heap after GC invocations=14 (full 3):
 PSYoungGen      total 79360K, used 14309K [0x000000076ab00000, 0x0000000771480000, 0x00000007c0000000)
  eden space 65024K, 0% used [0x000000076ab00000,0x000000076ab00000,0x000000076ea80000)
  from space 14336K, 99% used [0x000000076f000000,0x000000076fdf97f8,0x000000076fe00000)
  to   space 21504K, 0% used [0x000000076ff80000,0x000000076ff80000,0x0000000771480000)
 ParOldGen       total 57856K, used 33030K [0x00000006c0000000, 0x00000006c3880000, 0x000000076ab00000)
  object space 57856K, 57% used [0x00000006c0000000,0x00000006c2041ab0,0x00000006c3880000)
 Metaspace       used 37687K, capacity 38193K, committed 38696K, reserved 1083392K
  class space    used 4660K, capacity 4825K, committed 4912K, reserved 1048576K
}

