# JRE version: OpenJDK Runtime Environment (8.0_202-b03) (build 1.8.0_202-release-1483-b03)
# Java VM: OpenJDK 64-Bit Server VM (25.202-b03 mixed mode windows-amd64 compressed oops)
Heap:
 PSYoungGen      total 117760K, used 101989K [0x000000076ab00000, 0x0000000774380000, 0x00000007c0000000)
  eden space 98816K, 84% used [0x000000076ab00000,0x000000076fc1c590,0x0000000770b80000)
  from space 18944K, 99% used [0x0000000772700000,0x000000077397cf08,0x0000000773980000)
  to   space 28160K, 0% used [0x0000000770b80000,0x0000000770b80000,0x0000000772700000)
 ParOldGen       total 61952K, used 41664K [0x00000006c0000000, 0x00000006c3c80000, 0x000000076ab00000)
  object space 61952K, 67% used [0x00000006c0000000,0x00000006c28b0168,0x00000006c3c80000)
 Metaspace       used 49144K, capacity 49709K, committed 50344K, reserved 1095680K
  class space    used 6061K, capacity 6223K, committed 6320K, reserved 1048576K
GC Heap History (10 events):
Event: 21.641 GC heap before
{Heap before GC invocations=9 (full 2):
 PSYoungGen      total 53760K, used 53758K [0x000000076ab00000, 0x000000076ee00000, 0x00000007c0000000)
  eden space 51200K, 100% used [0x000000076ab00000,0x000000076dd00000,0x000000076dd00000)
  from space 2560K, 99% used [0x000000076eb80000,0x000000076edffb18,0x000000076ee00000)
  to   space 8192K, 0% used [0x000000076de00000,0x000000076de00000,0x000000076e600000)
 ParOldGen       total 38400K, used 15118K [0x00000006c0000000, 0x00000006c2580000, 0x000000076ab00000)
  object space 38400K, 39% used [0x00000006c0000000,0x00000006c0ec3980,0x00000006c2580000)
 Metaspace       used 32210K, capacity 32713K, committed 33200K, reserved 1079296K
  class space    used 4037K, capacity 4167K, committed 4272K, reserved 1048576K
Event: 21.662 GC heap after
Heap after GC invocations=9 (full 2):
 PSYoungGen      total 60416K, used 8176K [0x000000076ab00000, 0x0000000771680000, 0x00000007c0000000)
  eden space 52224K, 0% used [0x000000076ab00000,0x000000076ab00000,0x000000076de00000)
  from space 8192K, 99% used [0x000000076de00000,0x000000076e5fc1e8,0x000000076e600000)
  to   space 13312K, 0% used [0x0000000770980000,0x0000000770980000,0x0000000771680000)
 ParOldGen       total 38400K, used 22969K [0x00000006c0000000, 0x00000006c2580000, 0x000000076ab00000)
  object space 38400K, 59% used [0x00000006c0000000,0x00000006c166e6a8,0x00000006c2580000)
 Metaspace       used 32210K, capacity 32713K, committed 33200K, reserved 1079296K
  class space    used 4037K, capacity 4167K, committed 4272K, reserved 1048576K
}
Event: 23.666 GC heap before
{Heap before GC invocations=10 (full 2):
 PSYoungGen      total 60416K, used 21157K [0x000000076ab00000, 0x0000000771680000, 0x00000007c0000000)
  eden space 52224K, 24% used [0x000000076ab00000,0x000000076b7ad290,0x000000076de00000)
  from space 8192K, 99% used [0x000000076de00000,0x000000076e5fc1e8,0x000000076e600000)
  to   space 13312K, 0% used [0x0000000770980000,0x0000000770980000,0x0000000771680000)
 ParOldGen       total 38400K, used 22969K [0x00000006c0000000, 0x00000006c2580000, 0x000000076ab00000)
  object space 38400K, 59% used [0x00000006c0000000,0x00000006c166e6a8,0x00000006c2580000)
 Metaspace       used 34703K, capacity 35185K, committed 35496K, reserved 1081344K
  class space    used 4371K, capacity 4505K, committed 4528K, reserved 1048576K
Event: 23.685 GC heap after
Heap after GC invocations=10 (full 2):
 PSYoungGen      total 96256K, used 9533K [0x000000076ab00000, 0x0000000771880000, 0x00000007c0000000)
  eden space 82944K, 0% used [0x000000076ab00000,0x000000076ab00000,0x000000076fc00000)
  from space 13312K, 71% used [0x0000000770980000,0x00000007712cf448,0x0000000771680000)
  to   space 13824K, 0% used [0x000000076fc00000,0x000000076fc00000,0x0000000770980000)
 ParOldGen       total 38400K, used 22977K [0x00000006c0000000, 0x00000006c2580000, 0x000000076ab00000)
  object space 38400K, 59% used [0x00000006c0000000,0x00000006c16706a8,0x00000006c2580000)
 Metaspace       used 34703K, capacity 35185K, committed 35496K, reserved 1081344K
  class space    used 4371K, capacity 4505K, committed 4528K, reserved 1048576K
}
Event: 23.685 GC heap before
{Heap before GC invocations=11 (full 3):
 PSYoungGen      total 96256K, used 9533K [0x000000076ab00000, 0x0000000771880000, 0x00000007c0000000)
  eden space 82944K, 0% used [0x000000076ab00000,0x000000076ab00000,0x000000076fc00000)
  from space 13312K, 71% used [0x0000000770980000,0x00000007712cf448,0x0000000771680000)
  to   space 13824K, 0% used [0x000000076fc00000,0x000000076fc00000,0x0000000770980000)
 ParOldGen       total 38400K, used 22977K [0x00000006c0000000, 0x00000006c2580000, 0x000000076ab00000)
  object space 38400K, 59% used [0x00000006c0000000,0x00000006c16706a8,0x00000006c2580000)
 Metaspace       used 34703K, capacity 35185K, committed 35496K, reserved 1081344K
  class space    used 4371K, capacity 4505K, committed 4528K, reserved 1048576K
Event: 23.899 GC heap after
Heap after GC invocations=11 (full 3):
 PSYoungGen      total 96256K, used 0K [0x000000076ab00000, 0x0000000771880000, 0x00000007c0000000)
  eden space 82944K, 0% used [0x000000076ab00000,0x000000076ab00000,0x000000076fc00000)
  from space 13312K, 0% used [0x0000000770980000,0x0000000770980000,0x0000000771680000)
  to   space 13824K, 0% used [0x000000076fc00000,0x000000076fc00000,0x0000000770980000)
 ParOldGen       total 61952K, used 16510K [0x00000006c0000000, 0x00000006c3c80000, 0x000000076ab00000)
  object space 61952K, 26% used [0x00000006c0000000,0x00000006c101fab0,0x00000006c3c80000)
 Metaspace       used 34703K, capacity 35185K, committed 35496K, reserved 1081344K
  class space    used 4371K, capacity 4505K, committed 4528K, reserved 1048576K
}
Event: 27.550 GC heap before
{Heap before GC invocations=12 (full 3):
 PSYoungGen      total 96256K, used 82944K [0x000000076ab00000, 0x0000000771880000, 0x00000007c0000000)
  eden space 82944K, 100% used [0x000000076ab00000,0x000000076fc00000,0x000000076fc00000)
  from space 13312K, 0% used [0x0000000770980000,0x0000000770980000,0x0000000771680000)
  to   space 13824K, 0% used [0x000000076fc00000,0x000000076fc00000,0x0000000770980000)
 ParOldGen       total 61952K, used 16510K [0x00000006c0000000, 0x00000006c3c80000, 0x000000076ab00000)
  object space 61952K, 26% used [0x00000006c0000000,0x00000006c101fab0,0x00000006c3c80000)
 Metaspace       used 37609K, capacity 38129K, committed 38696K, reserved 1083392K
  class space    used 4664K, capacity 4825K, committed 4912K, reserved 1048576K
Event: 27.578 GC heap after
Heap after GC invocations=12 (full 3):
 PSYoungGen      total 96768K, used 13820K [0x000000076ab00000, 0x0000000773980000, 0x00000007c0000000)
  eden space 82944K, 0% used [0x000000076ab00000,0x000000076ab00000,0x000000076fc00000)
  from space 13824K, 99% used [0x000000076fc00000,0x000000077097f370,0x0000000770980000)
  to   space 18944K, 0% used [0x0000000772700000,0x0000000772700000,0x0000000773980000)
 ParOldGen       total 61952K, used 23569K [0x00000006c0000000, 0x00000006c3c80000, 0x000000076ab00000)
  object space 61952K, 38% used [0x00000006c0000000,0x00000006c1704628,0x00000006c3c80000)
 Metaspace       used 37609K, capacity 38129K, committed 38696K, reserved 1083392K
  class space    used 4664K, capacity 4825K, committed 4912K, reserved 1048576K
}
Event: 31.210 GC heap before
{Heap before GC invocations=13 (full 3):
 PSYoungGen      total 96768K, used 96764K [0x000000076ab00000, 0x0000000773980000, 0x00000007c0000000)
  eden space 82944K, 100% used [0x000000076ab00000,0x000000076fc00000,0x000000076fc00000)
  from space 13824K, 99% used [0x000000076fc00000,0x000000077097f370,0x0000000770980000)
  to   space 18944K, 0% used [0x0000000772700000,0x0000000772700000,0x0000000773980000)
 ParOldGen       total 61952K, used 23569K [0x00000006c0000000, 0x00000006c3c80000, 0x000000076ab00000)
  object space 61952K, 38% used [0x00000006c0000000,0x00000006c1704628,0x00000006c3c80000)
 Metaspace       used 45884K, capacity 46403K, committed 46760K, reserved 1089536K
  class space    used 5618K, capacity 5790K, committed 5808K, reserved 1048576K
Event: 31.275 GC heap after
Heap after GC invocations=13 (full 3):
 PSYoungGen      total 117760K, used 18931K [0x000000076ab00000, 0x0000000774380000, 0x00000007c0000000)
  eden space 98816K, 0% used [0x000000076ab00000,0x000000076ab00000,0x0000000770b80000)
  from space 18944K, 99% used [0x0000000772700000,0x000000077397cf08,0x0000000773980000)
  to   space 28160K, 0% used [0x0000000770b80000,0x0000000770b80000,0x0000000772700000)
 ParOldGen       total 61952K, used 41664K [0x00000006c0000000, 0x00000006c3c80000, 0x000000076ab00000)
  object space 61952K, 67% used [0x00000006c0000000,0x00000006c28b0168,0x00000006c3c80000)
 Metaspace       used 45884K, capacity 46403K, committed 46760K, reserved 1089536K
  class space    used 5618K, capacity 5790K, committed 5808K, reserved 1048576K
}

