# JRE version: OpenJDK Runtime Environment (8.0_202-b03) (build 1.8.0_202-release-1483-b03)
# Java VM: OpenJDK 64-Bit Server VM (25.202-b03 mixed mode windows-amd64 compressed oops)
Heap:
 PSYoungGen      total 99840K, used 52468K [0x00000000ebb80000, 0x00000000f6700000, 0x0000000100000000)
  eden space 74752K, 36% used [0x00000000ebb80000,0x00000000ed63d448,0x00000000f0480000)
  from space 25088K, 99% used [0x00000000f0480000,0x00000000f1cffea0,0x00000000f1d00000)
  to   space 38912K, 0% used [0x00000000f4100000,0x00000000f4100000,0x00000000f6700000)
 ParOldGen       total 89600K, used 68286K [0x00000000c3200000, 0x00000000c8980000, 0x00000000ebb80000)
  object space 89600K, 76% used [0x00000000c3200000,0x00000000c74afa50,0x00000000c8980000)
 Metaspace       used 47227K, capacity 47745K, committed 48216K, reserved 1091584K
  class space    used 5792K, capacity 5949K, committed 6016K, reserved 1048576K
GC Heap History (10 events):
Event: 8.267 GC heap before
{Heap before GC invocations=9 (full 1):
 PSYoungGen      total 70144K, used 70131K [0x00000000ebb80000, 0x00000000f1300000, 0x0000000100000000)
  eden space 61440K, 100% used [0x00000000ebb80000,0x00000000ef780000,0x00000000ef780000)
  from space 8704K, 99% used [0x00000000ef780000,0x00000000efffcc78,0x00000000f0000000)
  to   space 13312K, 0% used [0x00000000f0600000,0x00000000f0600000,0x00000000f1300000)
 ParOldGen       total 40448K, used 16427K [0x00000000c3200000, 0x00000000c5980000, 0x00000000ebb80000)
  object space 40448K, 40% used [0x00000000c3200000,0x00000000c420ac10,0x00000000c5980000)
 Metaspace       used 33949K, capacity 34423K, committed 34944K, reserved 1079296K
  class space    used 4232K, capacity 4380K, committed 4480K, reserved 1048576K
Event: 8.401 GC heap after
Heap after GC invocations=9 (full 1):
 PSYoungGen      total 70144K, used 13310K [0x00000000ebb80000, 0x00000000f3b00000, 0x0000000100000000)
  eden space 56832K, 0% used [0x00000000ebb80000,0x00000000ebb80000,0x00000000ef300000)
  from space 13312K, 99% used [0x00000000f0600000,0x00000000f12ffb68,0x00000000f1300000)
  to   space 19456K, 0% used [0x00000000ef300000,0x00000000ef300000,0x00000000f0600000)
 ParOldGen       total 40448K, used 26645K [0x00000000c3200000, 0x00000000c5980000, 0x00000000ebb80000)
  object space 40448K, 65% used [0x00000000c3200000,0x00000000c4c05430,0x00000000c5980000)
 Metaspace       used 33949K, capacity 34423K, committed 34944K, reserved 1079296K
  class space    used 4232K, capacity 4380K, committed 4480K, reserved 1048576K
}
Event: 9.145 GC heap before
{Heap before GC invocations=10 (full 1):
 PSYoungGen      total 70144K, used 55832K [0x00000000ebb80000, 0x00000000f3b00000, 0x0000000100000000)
  eden space 56832K, 74% used [0x00000000ebb80000,0x00000000ee506780,0x00000000ef300000)
  from space 13312K, 99% used [0x00000000f0600000,0x00000000f12ffb68,0x00000000f1300000)
  to   space 19456K, 0% used [0x00000000ef300000,0x00000000ef300000,0x00000000f0600000)
 ParOldGen       total 40448K, used 26645K [0x00000000c3200000, 0x00000000c5980000, 0x00000000ebb80000)
  object space 40448K, 65% used [0x00000000c3200000,0x00000000c4c05430,0x00000000c5980000)
 Metaspace       used 34643K, capacity 35095K, committed 35416K, reserved 1081344K
  class space    used 4268K, capacity 4412K, committed 4480K, reserved 1048576K
Event: 9.239 GC heap after
Heap after GC invocations=10 (full 1):
 PSYoungGen      total 76288K, used 19455K [0x00000000ebb80000, 0x00000000f3b80000, 0x0000000100000000)
  eden space 56832K, 0% used [0x00000000ebb80000,0x00000000ebb80000,0x00000000ef300000)
  from space 19456K, 99% used [0x00000000ef300000,0x00000000f05ffcd8,0x00000000f0600000)
  to   space 26112K, 0% used [0x00000000f2200000,0x00000000f2200000,0x00000000f3b80000)
 ParOldGen       total 40448K, used 35301K [0x00000000c3200000, 0x00000000c5980000, 0x00000000ebb80000)
  object space 40448K, 87% used [0x00000000c3200000,0x00000000c54795c8,0x00000000c5980000)
 Metaspace       used 34643K, capacity 35095K, committed 35416K, reserved 1081344K
  class space    used 4268K, capacity 4412K, committed 4480K, reserved 1048576K
}
Event: 9.239 GC heap before
{Heap before GC invocations=11 (full 2):
 PSYoungGen      total 76288K, used 19455K [0x00000000ebb80000, 0x00000000f3b80000, 0x0000000100000000)
  eden space 56832K, 0% used [0x00000000ebb80000,0x00000000ebb80000,0x00000000ef300000)
  from space 19456K, 99% used [0x00000000ef300000,0x00000000f05ffcd8,0x00000000f0600000)
  to   space 26112K, 0% used [0x00000000f2200000,0x00000000f2200000,0x00000000f3b80000)
 ParOldGen       total 40448K, used 35301K [0x00000000c3200000, 0x00000000c5980000, 0x00000000ebb80000)
  object space 40448K, 87% used [0x00000000c3200000,0x00000000c54795c8,0x00000000c5980000)
 Metaspace       used 34643K, capacity 35095K, committed 35416K, reserved 1081344K
  class space    used 4268K, capacity 4412K, committed 4480K, reserved 1048576K
Event: 9.638 GC heap after
Heap after GC invocations=11 (full 2):
 PSYoungGen      total 76288K, used 3050K [0x00000000ebb80000, 0x00000000f3b80000, 0x0000000100000000)
  eden space 56832K, 0% used [0x00000000ebb80000,0x00000000ebb80000,0x00000000ef300000)
  from space 19456K, 15% used [0x00000000ef300000,0x00000000ef5fa948,0x00000000f0600000)
  to   space 26112K, 0% used [0x00000000f2200000,0x00000000f2200000,0x00000000f3b80000)
 ParOldGen       total 89600K, used 40296K [0x00000000c3200000, 0x00000000c8980000, 0x00000000ebb80000)
  object space 89600K, 44% used [0x00000000c3200000,0x00000000c595a1c8,0x00000000c8980000)
 Metaspace       used 34643K, capacity 35095K, committed 35416K, reserved 1081344K
  class space    used 4268K, capacity 4412K, committed 4480K, reserved 1048576K
}
Event: 12.229 GC heap before
{Heap before GC invocations=12 (full 2):
 PSYoungGen      total 76288K, used 59882K [0x00000000ebb80000, 0x00000000f3b80000, 0x0000000100000000)
  eden space 56832K, 100% used [0x00000000ebb80000,0x00000000ef300000,0x00000000ef300000)
  from space 19456K, 15% used [0x00000000ef300000,0x00000000ef5fa948,0x00000000f0600000)
  to   space 26112K, 0% used [0x00000000f2200000,0x00000000f2200000,0x00000000f3b80000)
 ParOldGen       total 89600K, used 40296K [0x00000000c3200000, 0x00000000c8980000, 0x00000000ebb80000)
  object space 89600K, 44% used [0x00000000c3200000,0x00000000c595a1c8,0x00000000c8980000)
 Metaspace       used 42809K, capacity 43261K, committed 43864K, reserved 1087488K
  class space    used 5241K, capacity 5407K, committed 5504K, reserved 1048576K
Event: 12.342 GC heap after
Heap after GC invocations=12 (full 2):
 PSYoungGen      total 94720K, used 12127K [0x00000000ebb80000, 0x00000000f3580000, 0x0000000100000000)
  eden space 74752K, 0% used [0x00000000ebb80000,0x00000000ebb80000,0x00000000f0480000)
  from space 19968K, 60% used [0x00000000f2200000,0x00000000f2dd7cb0,0x00000000f3580000)
  to   space 25088K, 0% used [0x00000000f0480000,0x00000000f0480000,0x00000000f1d00000)
 ParOldGen       total 89600K, used 40424K [0x00000000c3200000, 0x00000000c8980000, 0x00000000ebb80000)
  object space 89600K, 45% used [0x00000000c3200000,0x00000000c597a1c8,0x00000000c8980000)
 Metaspace       used 42809K, capacity 43261K, committed 43864K, reserved 1087488K
  class space    used 5241K, capacity 5407K, committed 5504K, reserved 1048576K
}
Event: 14.099 GC heap before
{Heap before GC invocations=13 (full 2):
 PSYoungGen      total 94720K, used 86879K [0x00000000ebb80000, 0x00000000f3580000, 0x0000000100000000)
  eden space 74752K, 100% used [0x00000000ebb80000,0x00000000f0480000,0x00000000f0480000)
  from space 19968K, 60% used [0x00000000f2200000,0x00000000f2dd7cb0,0x00000000f3580000)
  to   space 25088K, 0% used [0x00000000f0480000,0x00000000f0480000,0x00000000f1d00000)
 ParOldGen       total 89600K, used 40424K [0x00000000c3200000, 0x00000000c8980000, 0x00000000ebb80000)
  object space 89600K, 45% used [0x00000000c3200000,0x00000000c597a1c8,0x00000000c8980000)
 Metaspace       used 45011K, capacity 45519K, committed 46168K, reserved 1089536K
  class space    used 5508K, capacity 5642K, committed 5760K, reserved 1048576K
Event: 14.181 GC heap after
Heap after GC invocations=13 (full 2):
 PSYoungGen      total 99840K, used 25087K [0x00000000ebb80000, 0x00000000f6700000, 0x0000000100000000)
  eden space 74752K, 0% used [0x00000000ebb80000,0x00000000ebb80000,0x00000000f0480000)
  from space 25088K, 99% used [0x00000000f0480000,0x00000000f1cffea0,0x00000000f1d00000)
  to   space 38912K, 0% used [0x00000000f4100000,0x00000000f4100000,0x00000000f6700000)
 ParOldGen       total 89600K, used 68286K [0x00000000c3200000, 0x00000000c8980000, 0x00000000ebb80000)
  object space 89600K, 76% used [0x00000000c3200000,0x00000000c74afa50,0x00000000c8980000)
 Metaspace       used 45011K, capacity 45519K, committed 46168K, reserved 1089536K
  class space    used 5508K, capacity 5642K, committed 5760K, reserved 1048576K
}

