# JRE version: OpenJDK Runtime Environment (8.0_202-b03) (build 1.8.0_202-release-1483-b03)
# Java VM: OpenJDK 64-Bit Server VM (25.202-b03 mixed mode windows-amd64 compressed oops)
Heap:
 PSYoungGen      total 227328K, used 51960K [0x000000076ab00000, 0x0000000785380000, 0x00000007c0000000)
  eden space 137728K, 37% used [0x000000076ab00000,0x000000076ddbe0f8,0x0000000773180000)
  from space 89600K, 0% used [0x000000077ad00000,0x000000077ad00000,0x0000000780480000)
  to   space 126464K, 0% used [0x0000000773180000,0x0000000773180000,0x000000077ad00000)
 ParOldGen       total 330752K, used 160736K [0x00000006c0000000, 0x00000006d4300000, 0x000000076ab00000)
  object space 330752K, 48% used [0x00000006c0000000,0x00000006c9cf8028,0x00000006d4300000)
 Metaspace       used 92441K, capacity 94180K, committed 94360K, reserved 1132544K
  class space    used 10895K, capacity 11345K, committed 11440K, reserved 1048576K
GC Heap History (10 events):
Event: 839.295 GC heap before
{Heap before GC invocations=21 (full 5):
 PSYoungGen      total 212480K, used 195559K [0x000000076ab00000, 0x000000077b900000, 0x00000007c0000000)
  eden space 155648K, 100% used [0x000000076ab00000,0x0000000774300000,0x0000000774300000)
  from space 56832K, 70% used [0x0000000777d80000,0x000000077a479f98,0x000000077b500000)
  to   space 59904K, 0% used [0x0000000774300000,0x0000000774300000,0x0000000777d80000)
 ParOldGen       total 207360K, used 87314K [0x00000006c0000000, 0x00000006cca80000, 0x000000076ab00000)
  object space 207360K, 42% used [0x00000006c0000000,0x00000006c5544aa0,0x00000006cca80000)
 Metaspace       used 81518K, capacity 83082K, committed 83224K, reserved 1122304K
  class space    used 9607K, capacity 9984K, committed 10032K, reserved 1048576K
Event: 840.215 GC heap after
Heap after GC invocations=21 (full 5):
 PSYoungGen      total 215552K, used 42274K [0x000000076ab00000, 0x000000077ca80000, 0x00000007c0000000)
  eden space 155648K, 0% used [0x000000076ab00000,0x000000076ab00000,0x0000000774300000)
  from space 59904K, 70% used [0x0000000774300000,0x0000000776c48bc0,0x0000000777d80000)
  to   space 62976K, 0% used [0x0000000778d00000,0x0000000778d00000,0x000000077ca80000)
 ParOldGen       total 207360K, used 87322K [0x00000006c0000000, 0x00000006cca80000, 0x000000076ab00000)
  object space 207360K, 42% used [0x00000006c0000000,0x00000006c5546aa0,0x00000006cca80000)
 Metaspace       used 81518K, capacity 83082K, committed 83224K, reserved 1122304K
  class space    used 9607K, capacity 9984K, committed 10032K, reserved 1048576K
}
Event: 847.788 GC heap before
{Heap before GC invocations=22 (full 5):
 PSYoungGen      total 215552K, used 197922K [0x000000076ab00000, 0x000000077ca80000, 0x00000007c0000000)
  eden space 155648K, 100% used [0x000000076ab00000,0x0000000774300000,0x0000000774300000)
  from space 59904K, 70% used [0x0000000774300000,0x0000000776c48bc0,0x0000000777d80000)
  to   space 62976K, 0% used [0x0000000778d00000,0x0000000778d00000,0x000000077ca80000)
 ParOldGen       total 207360K, used 87322K [0x00000006c0000000, 0x00000006cca80000, 0x000000076ab00000)
  object space 207360K, 42% used [0x00000006c0000000,0x00000006c5546aa0,0x00000006cca80000)
 Metaspace       used 82930K, capacity 84644K, committed 85016K, reserved 1124352K
  class space    used 9740K, capacity 10163K, committed 10288K, reserved 1048576K
Event: 847.891 GC heap after
Heap after GC invocations=22 (full 5):
 PSYoungGen      total 226304K, used 47421K [0x000000076ab00000, 0x000000077cd80000, 0x00000007c0000000)
  eden space 163328K, 0% used [0x000000076ab00000,0x000000076ab00000,0x0000000774a80000)
  from space 62976K, 75% used [0x0000000778d00000,0x000000077bb4f420,0x000000077ca80000)
  to   space 67072K, 0% used [0x0000000774a80000,0x0000000774a80000,0x0000000778c00000)
 ParOldGen       total 207360K, used 87350K [0x00000006c0000000, 0x00000006cca80000, 0x000000076ab00000)
  object space 207360K, 42% used [0x00000006c0000000,0x00000006c554da90,0x00000006cca80000)
 Metaspace       used 82930K, capacity 84644K, committed 85016K, reserved 1124352K
  class space    used 9740K, capacity 10163K, committed 10288K, reserved 1048576K
}
Event: 852.586 GC heap before
{Heap before GC invocations=23 (full 5):
 PSYoungGen      total 226304K, used 210749K [0x000000076ab00000, 0x000000077cd80000, 0x00000007c0000000)
  eden space 163328K, 100% used [0x000000076ab00000,0x0000000774a80000,0x0000000774a80000)
  from space 62976K, 75% used [0x0000000778d00000,0x000000077bb4f420,0x000000077ca80000)
  to   space 67072K, 0% used [0x0000000774a80000,0x0000000774a80000,0x0000000778c00000)
 ParOldGen       total 207360K, used 87350K [0x00000006c0000000, 0x00000006cca80000, 0x000000076ab00000)
  object space 207360K, 42% used [0x00000006c0000000,0x00000006c554da90,0x00000006cca80000)
 Metaspace       used 90274K, capacity 92022K, committed 92312K, reserved 1130496K
  class space    used 10628K, capacity 11068K, committed 11184K, reserved 1048576K
Event: 852.835 GC heap after
Heap after GC invocations=23 (full 5):
 PSYoungGen      total 230400K, used 67067K [0x000000076ab00000, 0x0000000780480000, 0x00000007c0000000)
  eden space 163328K, 0% used [0x000000076ab00000,0x000000076ab00000,0x0000000774a80000)
  from space 67072K, 99% used [0x0000000774a80000,0x0000000778bfef18,0x0000000778c00000)
  to   space 89600K, 0% used [0x000000077ad00000,0x000000077ad00000,0x0000000780480000)
 ParOldGen       total 207360K, used 120500K [0x00000006c0000000, 0x00000006cca80000, 0x000000076ab00000)
  object space 207360K, 58% used [0x00000006c0000000,0x00000006c75ad180,0x00000006cca80000)
 Metaspace       used 90274K, capacity 92022K, committed 92312K, reserved 1130496K
  class space    used 10628K, capacity 11068K, committed 11184K, reserved 1048576K
}
Event: 854.940 GC heap before
{Heap before GC invocations=24 (full 5):
 PSYoungGen      total 230400K, used 230395K [0x000000076ab00000, 0x0000000780480000, 0x00000007c0000000)
  eden space 163328K, 100% used [0x000000076ab00000,0x0000000774a80000,0x0000000774a80000)
  from space 67072K, 99% used [0x0000000774a80000,0x0000000778bfef18,0x0000000778c00000)
  to   space 89600K, 0% used [0x000000077ad00000,0x000000077ad00000,0x0000000780480000)
 ParOldGen       total 207360K, used 120500K [0x00000006c0000000, 0x00000006cca80000, 0x000000076ab00000)
  object space 207360K, 58% used [0x00000006c0000000,0x00000006c75ad180,0x00000006cca80000)
 Metaspace       used 92441K, capacity 94180K, committed 94360K, reserved 1132544K
  class space    used 10895K, capacity 11345K, committed 11440K, reserved 1048576K
Event: 855.240 GC heap after
Heap after GC invocations=24 (full 5):
 PSYoungGen      total 227328K, used 89589K [0x000000076ab00000, 0x0000000785380000, 0x00000007c0000000)
  eden space 137728K, 0% used [0x000000076ab00000,0x000000076ab00000,0x0000000773180000)
  from space 89600K, 99% used [0x000000077ad00000,0x000000078047d548,0x0000000780480000)
  to   space 126464K, 0% used [0x0000000773180000,0x0000000773180000,0x000000077ad00000)
 ParOldGen       total 207360K, used 180434K [0x00000006c0000000, 0x00000006cca80000, 0x000000076ab00000)
  object space 207360K, 87% used [0x00000006c0000000,0x00000006cb0348d0,0x00000006cca80000)
 Metaspace       used 92441K, capacity 94180K, committed 94360K, reserved 1132544K
  class space    used 10895K, capacity 11345K, committed 11440K, reserved 1048576K
}
Event: 855.254 GC heap before
{Heap before GC invocations=25 (full 6):
 PSYoungGen      total 227328K, used 89589K [0x000000076ab00000, 0x0000000785380000, 0x00000007c0000000)
  eden space 137728K, 0% used [0x000000076ab00000,0x000000076ab00000,0x0000000773180000)
  from space 89600K, 99% used [0x000000077ad00000,0x000000078047d548,0x0000000780480000)
  to   space 126464K, 0% used [0x0000000773180000,0x0000000773180000,0x000000077ad00000)
 ParOldGen       total 207360K, used 180434K [0x00000006c0000000, 0x00000006cca80000, 0x000000076ab00000)
  object space 207360K, 87% used [0x00000006c0000000,0x00000006cb0348d0,0x00000006cca80000)
 Metaspace       used 92441K, capacity 94180K, committed 94360K, reserved 1132544K
  class space    used 10895K, capacity 11345K, committed 11440K, reserved 1048576K
Event: 857.663 GC heap after
Heap after GC invocations=25 (full 6):
 PSYoungGen      total 227328K, used 0K [0x000000076ab00000, 0x0000000785380000, 0x00000007c0000000)
  eden space 137728K, 0% used [0x000000076ab00000,0x000000076ab00000,0x0000000773180000)
  from space 89600K, 0% used [0x000000077ad00000,0x000000077ad00000,0x0000000780480000)
  to   space 126464K, 0% used [0x0000000773180000,0x0000000773180000,0x000000077ad00000)
 ParOldGen       total 330752K, used 160736K [0x00000006c0000000, 0x00000006d4300000, 0x000000076ab00000)
  object space 330752K, 48% used [0x00000006c0000000,0x00000006c9cf8028,0x00000006d4300000)
 Metaspace       used 92441K, capacity 94180K, committed 94360K, reserved 1132544K
  class space    used 10895K, capacity 11345K, committed 11440K, reserved 1048576K
}

