# JRE version: OpenJDK Runtime Environment (8.0_202-b03) (build 1.8.0_202-release-1483-b03)
# Java VM: OpenJDK 64-Bit Server VM (25.202-b03 mixed mode windows-amd64 compressed oops)
Heap:
 PSYoungGen      total 102400K, used 60658K [0x00000000ebb80000, 0x00000000f6b80000, 0x0000000100000000)
  eden space 80384K, 64% used [0x00000000ebb80000,0x00000000eee185f0,0x00000000f0a00000)
  from space 22016K, 40% used [0x00000000f0a00000,0x00000000f12a4380,0x00000000f1f80000)
  to   space 30208K, 0% used [0x00000000f4e00000,0x00000000f4e00000,0x00000000f6b80000)
 ParOldGen       total 96256K, used 42379K [0x00000000c3200000, 0x00000000c9000000, 0x00000000ebb80000)
  object space 96256K, 44% used [0x00000000c3200000,0x00000000c5b62e08,0x00000000c9000000)
 Metaspace       used 42004K, capacity 42467K, committed 42968K, reserved 1087488K
  class space    used 5152K, capacity 5310K, committed 5376K, reserved 1048576K
GC Heap History (10 events):
Event: 2.465 GC heap before
{Heap before GC invocations=5 (full 1):
 PSYoungGen      total 66048K, used 2530K [0x00000000ebb80000, 0x00000000efe80000, 0x0000000100000000)
  eden space 63488K, 0% used [0x00000000ebb80000,0x00000000ebb80000,0x00000000ef980000)
  from space 2560K, 98% used [0x00000000efc00000,0x00000000efe78890,0x00000000efe80000)
  to   space 2560K, 0% used [0x00000000ef980000,0x00000000ef980000,0x00000000efc00000)
 ParOldGen       total 42496K, used 15518K [0x00000000c3200000, 0x00000000c5b80000, 0x00000000ebb80000)
  object space 42496K, 36% used [0x00000000c3200000,0x00000000c41279c8,0x00000000c5b80000)
 Metaspace       used 20737K, capacity 21034K, committed 21248K, reserved 1067008K
  class space    used 2633K, capacity 2745K, committed 2816K, reserved 1048576K
Event: 2.529 GC heap after
Heap after GC invocations=5 (full 1):
 PSYoungGen      total 66048K, used 0K [0x00000000ebb80000, 0x00000000efe80000, 0x0000000100000000)
  eden space 63488K, 0% used [0x00000000ebb80000,0x00000000ebb80000,0x00000000ef980000)
  from space 2560K, 0% used [0x00000000efc00000,0x00000000efc00000,0x00000000efe80000)
  to   space 2560K, 0% used [0x00000000ef980000,0x00000000ef980000,0x00000000efc00000)
 ParOldGen       total 42496K, used 9520K [0x00000000c3200000, 0x00000000c5b80000, 0x00000000ebb80000)
  object space 42496K, 22% used [0x00000000c3200000,0x00000000c3b4c050,0x00000000c5b80000)
 Metaspace       used 20737K, capacity 21034K, committed 21248K, reserved 1067008K
  class space    used 2633K, capacity 2745K, committed 2816K, reserved 1048576K
}
Event: 4.930 GC heap before
{Heap before GC invocations=6 (full 1):
 PSYoungGen      total 66048K, used 63488K [0x00000000ebb80000, 0x00000000efe80000, 0x0000000100000000)
  eden space 63488K, 100% used [0x00000000ebb80000,0x00000000ef980000,0x00000000ef980000)
  from space 2560K, 0% used [0x00000000efc00000,0x00000000efc00000,0x00000000efe80000)
  to   space 2560K, 0% used [0x00000000ef980000,0x00000000ef980000,0x00000000efc00000)
 ParOldGen       total 42496K, used 9520K [0x00000000c3200000, 0x00000000c5b80000, 0x00000000ebb80000)
  object space 42496K, 22% used [0x00000000c3200000,0x00000000c3b4c050,0x00000000c5b80000)
 Metaspace       used 28150K, capacity 28603K, committed 29056K, reserved 1075200K
  class space    used 3541K, capacity 3692K, committed 3712K, reserved 1048576K
Event: 4.949 GC heap after
Heap after GC invocations=6 (full 1):
 PSYoungGen      total 66048K, used 2558K [0x00000000ebb80000, 0x00000000f2f00000, 0x0000000100000000)
  eden space 63488K, 0% used [0x00000000ebb80000,0x00000000ebb80000,0x00000000ef980000)
  from space 2560K, 99% used [0x00000000ef980000,0x00000000efbffb08,0x00000000efc00000)
  to   space 15872K, 0% used [0x00000000f1f80000,0x00000000f1f80000,0x00000000f2f00000)
 ParOldGen       total 42496K, used 23157K [0x00000000c3200000, 0x00000000c5b80000, 0x00000000ebb80000)
  object space 42496K, 54% used [0x00000000c3200000,0x00000000c489d698,0x00000000c5b80000)
 Metaspace       used 28150K, capacity 28603K, committed 29056K, reserved 1075200K
  class space    used 3541K, capacity 3692K, committed 3712K, reserved 1048576K
}
Event: 8.805 GC heap before
{Heap before GC invocations=7 (full 1):
 PSYoungGen      total 66048K, used 65393K [0x00000000ebb80000, 0x00000000f2f00000, 0x0000000100000000)
  eden space 63488K, 98% used [0x00000000ebb80000,0x00000000ef8dc998,0x00000000ef980000)
  from space 2560K, 99% used [0x00000000ef980000,0x00000000efbffb08,0x00000000efc00000)
  to   space 15872K, 0% used [0x00000000f1f80000,0x00000000f1f80000,0x00000000f2f00000)
 ParOldGen       total 42496K, used 23157K [0x00000000c3200000, 0x00000000c5b80000, 0x00000000ebb80000)
  object space 42496K, 54% used [0x00000000c3200000,0x00000000c489d698,0x00000000c5b80000)
 Metaspace       used 33847K, capacity 34307K, committed 34688K, reserved 1079296K
  class space    used 4227K, capacity 4382K, committed 4480K, reserved 1048576K
Event: 8.869 GC heap after
Heap after GC invocations=7 (full 1):
 PSYoungGen      total 96256K, used 15851K [0x00000000ebb80000, 0x00000000f3b80000, 0x0000000100000000)
  eden space 80384K, 0% used [0x00000000ebb80000,0x00000000ebb80000,0x00000000f0a00000)
  from space 15872K, 99% used [0x00000000f1f80000,0x00000000f2efafa8,0x00000000f2f00000)
  to   space 22016K, 0% used [0x00000000f0a00000,0x00000000f0a00000,0x00000000f1f80000)
 ParOldGen       total 42496K, used 27957K [0x00000000c3200000, 0x00000000c5b80000, 0x00000000ebb80000)
  object space 42496K, 65% used [0x00000000c3200000,0x00000000c4d4d4a8,0x00000000c5b80000)
 Metaspace       used 33847K, capacity 34307K, committed 34688K, reserved 1079296K
  class space    used 4227K, capacity 4382K, committed 4480K, reserved 1048576K
}
Event: 9.922 GC heap before
{Heap before GC invocations=8 (full 1):
 PSYoungGen      total 96256K, used 68794K [0x00000000ebb80000, 0x00000000f3b80000, 0x0000000100000000)
  eden space 80384K, 65% used [0x00000000ebb80000,0x00000000eef33b30,0x00000000f0a00000)
  from space 15872K, 99% used [0x00000000f1f80000,0x00000000f2efafa8,0x00000000f2f00000)
  to   space 22016K, 0% used [0x00000000f0a00000,0x00000000f0a00000,0x00000000f1f80000)
 ParOldGen       total 42496K, used 27957K [0x00000000c3200000, 0x00000000c5b80000, 0x00000000ebb80000)
  object space 42496K, 65% used [0x00000000c3200000,0x00000000c4d4d4a8,0x00000000c5b80000)
 Metaspace       used 34638K, capacity 35043K, committed 35416K, reserved 1081344K
  class space    used 4270K, capacity 4414K, committed 4480K, reserved 1048576K
Event: 9.984 GC heap after
Heap after GC invocations=8 (full 1):
 PSYoungGen      total 102400K, used 22014K [0x00000000ebb80000, 0x00000000f6b80000, 0x0000000100000000)
  eden space 80384K, 0% used [0x00000000ebb80000,0x00000000ebb80000,0x00000000f0a00000)
  from space 22016K, 99% used [0x00000000f0a00000,0x00000000f1f7f9c0,0x00000000f1f80000)
  to   space 30208K, 0% used [0x00000000f4e00000,0x00000000f4e00000,0x00000000f6b80000)
 ParOldGen       total 42496K, used 36632K [0x00000000c3200000, 0x00000000c5b80000, 0x00000000ebb80000)
  object space 42496K, 86% used [0x00000000c3200000,0x00000000c55c6280,0x00000000c5b80000)
 Metaspace       used 34638K, capacity 35043K, committed 35416K, reserved 1081344K
  class space    used 4270K, capacity 4414K, committed 4480K, reserved 1048576K
}
Event: 9.984 GC heap before
{Heap before GC invocations=9 (full 2):
 PSYoungGen      total 102400K, used 22014K [0x00000000ebb80000, 0x00000000f6b80000, 0x0000000100000000)
  eden space 80384K, 0% used [0x00000000ebb80000,0x00000000ebb80000,0x00000000f0a00000)
  from space 22016K, 99% used [0x00000000f0a00000,0x00000000f1f7f9c0,0x00000000f1f80000)
  to   space 30208K, 0% used [0x00000000f4e00000,0x00000000f4e00000,0x00000000f6b80000)
 ParOldGen       total 42496K, used 36632K [0x00000000c3200000, 0x00000000c5b80000, 0x00000000ebb80000)
  object space 42496K, 86% used [0x00000000c3200000,0x00000000c55c6280,0x00000000c5b80000)
 Metaspace       used 34638K, capacity 35043K, committed 35416K, reserved 1081344K
  class space    used 4270K, capacity 4414K, committed 4480K, reserved 1048576K
Event: 10.352 GC heap after
Heap after GC invocations=9 (full 2):
 PSYoungGen      total 102400K, used 8848K [0x00000000ebb80000, 0x00000000f6b80000, 0x0000000100000000)
  eden space 80384K, 0% used [0x00000000ebb80000,0x00000000ebb80000,0x00000000f0a00000)
  from space 22016K, 40% used [0x00000000f0a00000,0x00000000f12a4380,0x00000000f1f80000)
  to   space 30208K, 0% used [0x00000000f4e00000,0x00000000f4e00000,0x00000000f6b80000)
 ParOldGen       total 96256K, used 42379K [0x00000000c3200000, 0x00000000c9000000, 0x00000000ebb80000)
  object space 96256K, 44% used [0x00000000c3200000,0x00000000c5b62e08,0x00000000c9000000)
 Metaspace       used 34638K, capacity 35043K, committed 35416K, reserved 1081344K
  class space    used 4270K, capacity 4414K, committed 4480K, reserved 1048576K
}

