# JRE version: OpenJDK Runtime Environment (8.0_202-b03) (build 1.8.0_202-release-1483-b03)
# Java VM: OpenJDK 64-Bit Server VM (25.202-b03 mixed mode windows-amd64 compressed oops)
Heap:
 PSYoungGen      total 99328K, used 3406K [0x000000076ab00000, 0x0000000772380000, 0x00000007c0000000)
  eden space 85504K, 3% used [0x000000076ab00000,0x000000076ae53a28,0x000000076fe80000)
  from space 13824K, 0% used [0x000000076fe80000,0x000000076fe80000,0x0000000770c00000)
  to   space 18432K, 0% used [0x0000000771180000,0x0000000771180000,0x0000000772380000)
 ParOldGen       total 54272K, used 32595K [0x00000006c0000000, 0x00000006c3500000, 0x000000076ab00000)
  object space 54272K, 60% used [0x00000006c0000000,0x00000006c1fd4e70,0x00000006c3500000)
 Metaspace       used 46519K, capacity 47228K, committed 47784K, reserved 1093632K
  class space    used 5805K, capacity 5991K, committed 6064K, reserved 1048576K
GC Heap History (10 events):
Event: 23.211 GC heap before
{Heap before GC invocations=14 (full 3):
 PSYoungGen      total 75264K, used 74805K [0x000000076ab00000, 0x0000000771980000, 0x00000007c0000000)
  eden space 65536K, 100% used [0x000000076ab00000,0x000000076eb00000,0x000000076eb00000)
  from space 9728K, 95% used [0x0000000771000000,0x000000077190d5b0,0x0000000771980000)
  to   space 13824K, 0% used [0x000000076fe80000,0x000000076fe80000,0x0000000770c00000)
 ParOldGen       total 54272K, used 22373K [0x00000006c0000000, 0x00000006c3500000, 0x000000076ab00000)
  object space 54272K, 41% used [0x00000006c0000000,0x00000006c15d9488,0x00000006c3500000)
 Metaspace       used 43490K, capacity 44096K, committed 44584K, reserved 1087488K
  class space    used 5391K, capacity 5569K, committed 5680K, reserved 1048576K
Event: 23.244 GC heap after
Heap after GC invocations=14 (full 3):
 PSYoungGen      total 99328K, used 13803K [0x000000076ab00000, 0x0000000772380000, 0x00000007c0000000)
  eden space 85504K, 0% used [0x000000076ab00000,0x000000076ab00000,0x000000076fe80000)
  from space 13824K, 99% used [0x000000076fe80000,0x0000000770bfae80,0x0000000770c00000)
  to   space 18432K, 0% used [0x0000000771180000,0x0000000771180000,0x0000000772380000)
 ParOldGen       total 54272K, used 29526K [0x00000006c0000000, 0x00000006c3500000, 0x000000076ab00000)
  object space 54272K, 54% used [0x00000006c0000000,0x00000006c1cd5898,0x00000006c3500000)
 Metaspace       used 43490K, capacity 44096K, committed 44584K, reserved 1087488K
  class space    used 5391K, capacity 5569K, committed 5680K, reserved 1048576K
}
Event: 24.404 GC heap before
{Heap before GC invocations=15 (full 3):
 PSYoungGen      total 99328K, used 45413K [0x000000076ab00000, 0x0000000772380000, 0x00000007c0000000)
  eden space 85504K, 36% used [0x000000076ab00000,0x000000076c9de8e0,0x000000076fe80000)
  from space 13824K, 99% used [0x000000076fe80000,0x0000000770bfae80,0x0000000770c00000)
  to   space 18432K, 0% used [0x0000000771180000,0x0000000771180000,0x0000000772380000)
 ParOldGen       total 54272K, used 29526K [0x00000006c0000000, 0x00000006c3500000, 0x000000076ab00000)
  object space 54272K, 54% used [0x00000006c0000000,0x00000006c1cd5898,0x00000006c3500000)
 Metaspace       used 46103K, capacity 46810K, committed 47272K, reserved 1095680K
  class space    used 5736K, capacity 5946K, committed 6064K, reserved 1048576K
Event: 24.465 GC heap after
Heap after GC invocations=15 (full 3):
 PSYoungGen      total 103936K, used 5857K [0x000000076ab00000, 0x0000000772380000, 0x00000007c0000000)
  eden space 85504K, 0% used [0x000000076ab00000,0x000000076ab00000,0x000000076fe80000)
  from space 18432K, 31% used [0x0000000771180000,0x0000000771738418,0x0000000772380000)
  to   space 13824K, 0% used [0x000000076fe80000,0x000000076fe80000,0x0000000770c00000)
 ParOldGen       total 54272K, used 43336K [0x00000006c0000000, 0x00000006c3500000, 0x000000076ab00000)
  object space 54272K, 79% used [0x00000006c0000000,0x00000006c2a522e8,0x00000006c3500000)
 Metaspace       used 46103K, capacity 46810K, committed 47272K, reserved 1095680K
  class space    used 5736K, capacity 5946K, committed 6064K, reserved 1048576K
}
Event: 24.465 GC heap before
{Heap before GC invocations=16 (full 4):
 PSYoungGen      total 103936K, used 5857K [0x000000076ab00000, 0x0000000772380000, 0x00000007c0000000)
  eden space 85504K, 0% used [0x000000076ab00000,0x000000076ab00000,0x000000076fe80000)
  from space 18432K, 31% used [0x0000000771180000,0x0000000771738418,0x0000000772380000)
  to   space 13824K, 0% used [0x000000076fe80000,0x000000076fe80000,0x0000000770c00000)
 ParOldGen       total 54272K, used 43336K [0x00000006c0000000, 0x00000006c3500000, 0x000000076ab00000)
  object space 54272K, 79% used [0x00000006c0000000,0x00000006c2a522e8,0x00000006c3500000)
 Metaspace       used 46103K, capacity 46810K, committed 47272K, reserved 1095680K
  class space    used 5736K, capacity 5946K, committed 6064K, reserved 1048576K
Event: 24.745 GC heap after
Heap after GC invocations=16 (full 4):
 PSYoungGen      total 103936K, used 0K [0x000000076ab00000, 0x0000000772380000, 0x00000007c0000000)
  eden space 85504K, 0% used [0x000000076ab00000,0x000000076ab00000,0x000000076fe80000)
  from space 18432K, 0% used [0x0000000771180000,0x0000000771180000,0x0000000772380000)
  to   space 13824K, 0% used [0x000000076fe80000,0x000000076fe80000,0x0000000770c00000)
 ParOldGen       total 54272K, used 36952K [0x00000006c0000000, 0x00000006c3500000, 0x000000076ab00000)
  object space 54272K, 68% used [0x00000006c0000000,0x00000006c2416198,0x00000006c3500000)
 Metaspace       used 46103K, capacity 46810K, committed 47272K, reserved 1093632K
  class space    used 5736K, capacity 5946K, committed 6064K, reserved 1048576K
}
Event: 24.745 GC heap before
{Heap before GC invocations=17 (full 4):
 PSYoungGen      total 103936K, used 0K [0x000000076ab00000, 0x0000000772380000, 0x00000007c0000000)
  eden space 85504K, 0% used [0x000000076ab00000,0x000000076ab00000,0x000000076fe80000)
  from space 18432K, 0% used [0x0000000771180000,0x0000000771180000,0x0000000772380000)
  to   space 13824K, 0% used [0x000000076fe80000,0x000000076fe80000,0x0000000770c00000)
 ParOldGen       total 54272K, used 36952K [0x00000006c0000000, 0x00000006c3500000, 0x000000076ab00000)
  object space 54272K, 68% used [0x00000006c0000000,0x00000006c2416198,0x00000006c3500000)
 Metaspace       used 46103K, capacity 46810K, committed 47272K, reserved 1097728K
  class space    used 5736K, capacity 5946K, committed 6064K, reserved 1048576K
Event: 24.747 GC heap after
Heap after GC invocations=17 (full 4):
 PSYoungGen      total 99328K, used 0K [0x000000076ab00000, 0x0000000772380000, 0x00000007c0000000)
  eden space 85504K, 0% used [0x000000076ab00000,0x000000076ab00000,0x000000076fe80000)
  from space 13824K, 0% used [0x000000076fe80000,0x000000076fe80000,0x0000000770c00000)
  to   space 18432K, 0% used [0x0000000771180000,0x0000000771180000,0x0000000772380000)
 ParOldGen       total 54272K, used 36952K [0x00000006c0000000, 0x00000006c3500000, 0x000000076ab00000)
  object space 54272K, 68% used [0x00000006c0000000,0x00000006c2416198,0x00000006c3500000)
 Metaspace       used 46103K, capacity 46810K, committed 47272K, reserved 1097728K
  class space    used 5736K, capacity 5946K, committed 6064K, reserved 1048576K
}
Event: 24.747 GC heap before
{Heap before GC invocations=18 (full 5):
 PSYoungGen      total 99328K, used 0K [0x000000076ab00000, 0x0000000772380000, 0x00000007c0000000)
  eden space 85504K, 0% used [0x000000076ab00000,0x000000076ab00000,0x000000076fe80000)
  from space 13824K, 0% used [0x000000076fe80000,0x000000076fe80000,0x0000000770c00000)
  to   space 18432K, 0% used [0x0000000771180000,0x0000000771180000,0x0000000772380000)
 ParOldGen       total 54272K, used 36952K [0x00000006c0000000, 0x00000006c3500000, 0x000000076ab00000)
  object space 54272K, 68% used [0x00000006c0000000,0x00000006c2416198,0x00000006c3500000)
 Metaspace       used 46103K, capacity 46810K, committed 47272K, reserved 1097728K
  class space    used 5736K, capacity 5946K, committed 6064K, reserved 1048576K
Event: 25.018 GC heap after
Heap after GC invocations=18 (full 5):
 PSYoungGen      total 99328K, used 0K [0x000000076ab00000, 0x0000000772380000, 0x00000007c0000000)
  eden space 85504K, 0% used [0x000000076ab00000,0x000000076ab00000,0x000000076fe80000)
  from space 13824K, 0% used [0x000000076fe80000,0x000000076fe80000,0x0000000770c00000)
  to   space 18432K, 0% used [0x0000000771180000,0x0000000771180000,0x0000000772380000)
 ParOldGen       total 54272K, used 32595K [0x00000006c0000000, 0x00000006c3500000, 0x000000076ab00000)
  object space 54272K, 60% used [0x00000006c0000000,0x00000006c1fd4e70,0x00000006c3500000)
 Metaspace       used 46037K, capacity 46704K, committed 47272K, reserved 1093632K
  class space    used 5723K, capacity 5923K, committed 6064K, reserved 1048576K
}

